# JRE version: OpenJDK Runtime Environment (8.0_152-b01) (build 1.8.0_152-release-915-b01)
# Java VM: OpenJDK 64-Bit Server VM (25.152-b01 mixed mode windows-amd64 compressed oops)
Heap:
 PSYoungGen      total 159744K, used 38890K [0x00000000e0000000, 0x00000000ec500000, 0x0000000100000000)
  eden space 146944K, 26% used [0x00000000e0000000,0x00000000e25fa940,0x00000000e8f80000)
  from space 12800K, 0% used [0x00000000ea000000,0x00000000ea000000,0x00000000eac80000)
  to   space 16896K, 0% used [0x00000000e8f80000,0x00000000e8f80000,0x00000000ea000000)
 ParOldGen       total 61952K, used 51212K [0x00000000a0000000, 0x00000000a3c80000, 0x00000000e0000000)
  object space 61952K, 82% used [0x00000000a0000000,0x00000000a3203048,0x00000000a3c80000)
 Metaspace       used 57374K, capacity 59932K, committed 60160K, reserved 1101824K
  class space    used 7786K, capacity 8430K, committed 8448K, reserved 1048576K
GC Heap History (10 events):
Event: 49.215 GC heap before
{Heap before GC invocations=13 (full 2):
 PSYoungGen      total 124416K, used 124012K [0x00000000e0000000, 0x00000000e9300000, 0x0000000100000000)
  eden space 114176K, 100% used [0x00000000e0000000,0x00000000e6f80000,0x00000000e6f80000)
  from space 10240K, 96% used [0x00000000e8900000,0x00000000e929b000,0x00000000e9300000)
  to   space 12288K, 0% used [0x00000000e7b00000,0x00000000e7b00000,0x00000000e8700000)
 ParOldGen       total 61952K, used 16673K [0x00000000a0000000, 0x00000000a3c80000, 0x00000000e0000000)
  object space 61952K, 26% used [0x00000000a0000000,0x00000000a1048708,0x00000000a3c80000)
 Metaspace       used 48709K, capacity 50006K, committed 50304K, reserved 1093632K
  class space    used 6516K, capacity 6939K, committed 7040K, reserved 1048576K
Event: 49.238 GC heap after
Heap after GC invocations=13 (full 2):
 PSYoungGen      total 138240K, used 9509K [0x00000000e0000000, 0x00000000eac80000, 0x0000000100000000)
  eden space 125952K, 0% used [0x00000000e0000000,0x00000000e0000000,0x00000000e7b00000)
  from space 12288K, 77% used [0x00000000e7b00000,0x00000000e8449620,0x00000000e8700000)
  to   space 12800K, 0% used [0x00000000ea000000,0x00000000ea000000,0x00000000eac80000)
 ParOldGen       total 61952K, used 21832K [0x00000000a0000000, 0x00000000a3c80000, 0x00000000e0000000)
  object space 61952K, 35% used [0x00000000a0000000,0x00000000a1552200,0x00000000a3c80000)
 Metaspace       used 48709K, capacity 50006K, committed 50304K, reserved 1093632K
  class space    used 6516K, capacity 6939K, committed 7040K, reserved 1048576K
}
Event: 51.379 GC heap before
{Heap before GC invocations=14 (full 2):
 PSYoungGen      total 138240K, used 135461K [0x00000000e0000000, 0x00000000eac80000, 0x0000000100000000)
  eden space 125952K, 100% used [0x00000000e0000000,0x00000000e7b00000,0x00000000e7b00000)
  from space 12288K, 77% used [0x00000000e7b00000,0x00000000e8449620,0x00000000e8700000)
  to   space 12800K, 0% used [0x00000000ea000000,0x00000000ea000000,0x00000000eac80000)
 ParOldGen       total 61952K, used 21832K [0x00000000a0000000, 0x00000000a3c80000, 0x00000000e0000000)
  object space 61952K, 35% used [0x00000000a0000000,0x00000000a1552200,0x00000000a3c80000)
 Metaspace       used 54262K, capacity 56418K, committed 56704K, reserved 1097728K
  class space    used 7438K, capacity 7987K, committed 8064K, reserved 1048576K
Event: 51.408 GC heap after
Heap after GC invocations=14 (full 2):
 PSYoungGen      total 159744K, used 12799K [0x00000000e0000000, 0x00000000ec500000, 0x0000000100000000)
  eden space 146944K, 0% used [0x00000000e0000000,0x00000000e0000000,0x00000000e8f80000)
  from space 12800K, 99% used [0x00000000ea000000,0x00000000eac7ff10,0x00000000eac80000)
  to   space 16896K, 0% used [0x00000000e8f80000,0x00000000e8f80000,0x00000000ea000000)
 ParOldGen       total 61952K, used 28502K [0x00000000a0000000, 0x00000000a3c80000, 0x00000000e0000000)
  object space 61952K, 46% used [0x00000000a0000000,0x00000000a1bd59d0,0x00000000a3c80000)
 Metaspace       used 54262K, capacity 56418K, committed 56704K, reserved 1097728K
  class space    used 7438K, capacity 7987K, committed 8064K, reserved 1048576K
}
Event: 56.335 GC heap before
{Heap before GC invocations=15 (full 2):
 PSYoungGen      total 159744K, used 159743K [0x00000000e0000000, 0x00000000ec500000, 0x0000000100000000)
  eden space 146944K, 100% used [0x00000000e0000000,0x00000000e8f80000,0x00000000e8f80000)
  from space 12800K, 99% used [0x00000000ea000000,0x00000000eac7ff10,0x00000000eac80000)
  to   space 16896K, 0% used [0x00000000e8f80000,0x00000000e8f80000,0x00000000ea000000)
 ParOldGen       total 61952K, used 28502K [0x00000000a0000000, 0x00000000a3c80000, 0x00000000e0000000)
  object space 61952K, 46% used [0x00000000a0000000,0x00000000a1bd59d0,0x00000000a3c80000)
 Metaspace       used 55722K, capacity 57934K, committed 58240K, reserved 1099776K
  class space    used 7609K, capacity 8206K, committed 8320K, reserved 1048576K
Event: 56.366 GC heap after
Heap after GC invocations=15 (full 2):
 PSYoungGen      total 163840K, used 14905K [0x00000000e0000000, 0x00000000ec500000, 0x0000000100000000)
  eden space 146944K, 0% used [0x00000000e0000000,0x00000000e0000000,0x00000000e8f80000)
  from space 16896K, 88% used [0x00000000e8f80000,0x00000000e9e0e440,0x00000000ea000000)
  to   space 12800K, 0% used [0x00000000ea000000,0x00000000ea000000,0x00000000eac80000)
 ParOldGen       total 61952K, used 40367K [0x00000000a0000000, 0x00000000a3c80000, 0x00000000e0000000)
  object space 61952K, 65% used [0x00000000a0000000,0x00000000a276bfe0,0x00000000a3c80000)
 Metaspace       used 55722K, capacity 57934K, committed 58240K, reserved 1099776K
  class space    used 7609K, capacity 8206K, committed 8320K, reserved 1048576K
}
Event: 61.103 GC heap before
{Heap before GC invocations=16 (full 2):
 PSYoungGen      total 163840K, used 161849K [0x00000000e0000000, 0x00000000ec500000, 0x0000000100000000)
  eden space 146944K, 100% used [0x00000000e0000000,0x00000000e8f80000,0x00000000e8f80000)
  from space 16896K, 88% used [0x00000000e8f80000,0x00000000e9e0e440,0x00000000ea000000)
  to   space 12800K, 0% used [0x00000000ea000000,0x00000000ea000000,0x00000000eac80000)
 ParOldGen       total 61952K, used 40367K [0x00000000a0000000, 0x00000000a3c80000, 0x00000000e0000000)
  object space 61952K, 65% used [0x00000000a0000000,0x00000000a276bfe0,0x00000000a3c80000)
 Metaspace       used 56159K, capacity 58422K, committed 58752K, reserved 1099776K
  class space    used 7634K, capacity 8212K, committed 8320K, reserved 1048576K
Event: 61.120 GC heap after
Heap after GC invocations=16 (full 2):
 PSYoungGen      total 159744K, used 1792K [0x00000000e0000000, 0x00000000ec500000, 0x0000000100000000)
  eden space 146944K, 0% used [0x00000000e0000000,0x00000000e0000000,0x00000000e8f80000)
  from space 12800K, 14% used [0x00000000ea000000,0x00000000ea1c0000,0x00000000eac80000)
  to   space 16896K, 0% used [0x00000000e8f80000,0x00000000e8f80000,0x00000000ea000000)
 ParOldGen       total 61952K, used 54424K [0x00000000a0000000, 0x00000000a3c80000, 0x00000000e0000000)
  object space 61952K, 87% used [0x00000000a0000000,0x00000000a3526160,0x00000000a3c80000)
 Metaspace       used 56159K, capacity 58422K, committed 58752K, reserved 1099776K
  class space    used 7634K, capacity 8212K, committed 8320K, reserved 1048576K
}
Event: 61.120 GC heap before
{Heap before GC invocations=17 (full 3):
 PSYoungGen      total 159744K, used 1792K [0x00000000e0000000, 0x00000000ec500000, 0x0000000100000000)
  eden space 146944K, 0% used [0x00000000e0000000,0x00000000e0000000,0x00000000e8f80000)
  from space 12800K, 14% used [0x00000000ea000000,0x00000000ea1c0000,0x00000000eac80000)
  to   space 16896K, 0% used [0x00000000e8f80000,0x00000000e8f80000,0x00000000ea000000)
 ParOldGen       total 61952K, used 54424K [0x00000000a0000000, 0x00000000a3c80000, 0x00000000e0000000)
  object space 61952K, 87% used [0x00000000a0000000,0x00000000a3526160,0x00000000a3c80000)
 Metaspace       used 56159K, capacity 58422K, committed 58752K, reserved 1099776K
  class space    used 7634K, capacity 8212K, committed 8320K, reserved 1048576K
Event: 61.502 GC heap after
Heap after GC invocations=17 (full 3):
 PSYoungGen      total 159744K, used 0K [0x00000000e0000000, 0x00000000ec500000, 0x0000000100000000)
  eden space 146944K, 0% used [0x00000000e0000000,0x00000000e0000000,0x00000000e8f80000)
  from space 12800K, 0% used [0x00000000ea000000,0x00000000ea000000,0x00000000eac80000)
  to   space 16896K, 0% used [0x00000000e8f80000,0x00000000e8f80000,0x00000000ea000000)
 ParOldGen       total 61952K, used 51212K [0x00000000a0000000, 0x00000000a3c80000, 0x00000000e0000000)
  object space 61952K, 82% used [0x00000000a0000000,0x00000000a3203048,0x00000000a3c80000)
 Metaspace       used 56159K, capacity 58422K, committed 58752K, reserved 1099776K
  class space    used 7634K, capacity 8212K, committed 8320K, reserved 1048576K
}

