# JRE version: OpenJDK Runtime Environment (8.0_152-b01) (build 1.8.0_152-release-915-b01)
# Java VM: OpenJDK 64-Bit Server VM (25.152-b01 mixed mode windows-amd64 compressed oops)
Heap:
 PSYoungGen      total 428032K, used 323778K [0x00000000e0000000, 0x00000000fff00000, 0x0000000100000000)
  eden space 340992K, 94% used [0x00000000e0000000,0x00000000f3bb8888,0x00000000f4d00000)
  from space 87040K, 0% used [0x00000000f4d00000,0x00000000f4d78238,0x00000000fa200000)
  to   space 84992K, 0% used [0x00000000fac00000,0x00000000fac00000,0x00000000fff00000)
 ParOldGen       total 382976K, used 286342K [0x00000000a0000000, 0x00000000b7600000, 0x00000000e0000000)
  object space 382976K, 74% used [0x00000000a0000000,0x00000000b17a1840,0x00000000b7600000)
 Metaspace       used 103881K, capacity 108744K, committed 109312K, reserved 1144832K
  class space    used 12535K, capacity 13583K, committed 13824K, reserved 1048576K
GC Heap History (10 events):
Event: 10758.268 GC heap before
{Heap before GC invocations=78 (full 7):
 PSYoungGen      total 406528K, used 396966K [0x00000000e0000000, 0x0000000100000000, 0x0000000100000000)
  eden space 323584K, 100% used [0x00000000e0000000,0x00000000f3c00000,0x00000000f3c00000)
  from space 82944K, 88% used [0x00000000faf00000,0x00000000ff6a99f0,0x0000000100000000)
  to   space 100352K, 0% used [0x00000000f3c00000,0x00000000f3c00000,0x00000000f9e00000)
 ParOldGen       total 382976K, used 271394K [0x00000000a0000000, 0x00000000b7600000, 0x00000000e0000000)
  object space 382976K, 70% used [0x00000000a0000000,0x00000000b0908a90,0x00000000b7600000)
 Metaspace       used 103397K, capacity 107940K, committed 108672K, reserved 1144832K
  class space    used 12487K, capacity 13483K, committed 13696K, reserved 1048576K
Event: 10758.286 GC heap after
Heap after GC invocations=78 (full 7):
 PSYoungGen      total 423936K, used 6990K [0x00000000e0000000, 0x0000000100000000, 0x0000000100000000)
  eden space 323584K, 0% used [0x00000000e0000000,0x00000000e0000000,0x00000000f3c00000)
  from space 100352K, 6% used [0x00000000f3c00000,0x00000000f42d38f0,0x00000000f9e00000)
  to   space 97792K, 0% used [0x00000000fa080000,0x00000000fa080000,0x0000000100000000)
 ParOldGen       total 382976K, used 283232K [0x00000000a0000000, 0x00000000b7600000, 0x00000000e0000000)
  object space 382976K, 73% used [0x00000000a0000000,0x00000000b1498170,0x00000000b7600000)
 Metaspace       used 103397K, capacity 107940K, committed 108672K, reserved 1144832K
  class space    used 12487K, capacity 13483K, committed 13696K, reserved 1048576K
}
Event: 10763.470 GC heap before
{Heap before GC invocations=79 (full 7):
 PSYoungGen      total 423936K, used 323418K [0x00000000e0000000, 0x0000000100000000, 0x0000000100000000)
  eden space 323584K, 97% used [0x00000000e0000000,0x00000000f3503210,0x00000000f3c00000)
  from space 100352K, 6% used [0x00000000f3c00000,0x00000000f42d38f0,0x00000000f9e00000)
  to   space 97792K, 0% used [0x00000000fa080000,0x00000000fa080000,0x0000000100000000)
 ParOldGen       total 382976K, used 283232K [0x00000000a0000000, 0x00000000b7600000, 0x00000000e0000000)
  object space 382976K, 73% used [0x00000000a0000000,0x00000000b1498170,0x00000000b7600000)
 Metaspace       used 103410K, capacity 108004K, committed 108928K, reserved 1144832K
  class space    used 12487K, capacity 13483K, committed 13696K, reserved 1048576K
Event: 10763.538 GC heap after
Heap after GC invocations=79 (full 7):
 PSYoungGen      total 414208K, used 8935K [0x00000000e0000000, 0x00000000ff680000, 0x0000000100000000)
  eden space 326144K, 0% used [0x00000000e0000000,0x00000000e0000000,0x00000000f3e80000)
  from space 88064K, 10% used [0x00000000fa080000,0x00000000fa939c28,0x00000000ff680000)
  to   space 94208K, 0% used [0x00000000f3e80000,0x00000000f3e80000,0x00000000f9a80000)
 ParOldGen       total 382976K, used 283520K [0x00000000a0000000, 0x00000000b7600000, 0x00000000e0000000)
  object space 382976K, 74% used [0x00000000a0000000,0x00000000b14e01a0,0x00000000b7600000)
 Metaspace       used 103410K, capacity 108004K, committed 108928K, reserved 1144832K
  class space    used 12487K, capacity 13483K, committed 13696K, reserved 1048576K
}
Event: 10767.034 GC heap before
{Heap before GC invocations=80 (full 7):
 PSYoungGen      total 414208K, used 334549K [0x00000000e0000000, 0x00000000ff680000, 0x0000000100000000)
  eden space 326144K, 99% used [0x00000000e0000000,0x00000000f3dfb970,0x00000000f3e80000)
  from space 88064K, 10% used [0x00000000fa080000,0x00000000fa939c28,0x00000000ff680000)
  to   space 94208K, 0% used [0x00000000f3e80000,0x00000000f3e80000,0x00000000f9a80000)
 ParOldGen       total 382976K, used 283520K [0x00000000a0000000, 0x00000000b7600000, 0x00000000e0000000)
  object space 382976K, 74% used [0x00000000a0000000,0x00000000b14e01a0,0x00000000b7600000)
 Metaspace       used 103483K, capacity 108098K, committed 108928K, reserved 1144832K
  class space    used 12490K, capacity 13488K, committed 13696K, reserved 1048576K
Event: 10767.046 GC heap after
Heap after GC invocations=80 (full 7):
 PSYoungGen      total 420352K, used 18353K [0x00000000e0000000, 0x00000000ffc00000, 0x0000000100000000)
  eden space 326144K, 0% used [0x00000000e0000000,0x00000000e0000000,0x00000000f3e80000)
  from space 94208K, 19% used [0x00000000f3e80000,0x00000000f506c468,0x00000000f9a80000)
  to   space 89088K, 0% used [0x00000000fa500000,0x00000000fa500000,0x00000000ffc00000)
 ParOldGen       total 382976K, used 283616K [0x00000000a0000000, 0x00000000b7600000, 0x00000000e0000000)
  object space 382976K, 74% used [0x00000000a0000000,0x00000000b14f81b0,0x00000000b7600000)
 Metaspace       used 103483K, capacity 108098K, committed 108928K, reserved 1144832K
  class space    used 12490K, capacity 13488K, committed 13696K, reserved 1048576K
}
Event: 10767.127 GC heap before
{Heap before GC invocations=81 (full 7):
 PSYoungGen      total 420352K, used 343599K [0x00000000e0000000, 0x00000000ffc00000, 0x0000000100000000)
  eden space 326144K, 99% used [0x00000000e0000000,0x00000000f3d9f9e0,0x00000000f3e80000)
  from space 94208K, 19% used [0x00000000f3e80000,0x00000000f506c468,0x00000000f9a80000)
  to   space 89088K, 0% used [0x00000000fa500000,0x00000000fa500000,0x00000000ffc00000)
 ParOldGen       total 382976K, used 283616K [0x00000000a0000000, 0x00000000b7600000, 0x00000000e0000000)
  object space 382976K, 74% used [0x00000000a0000000,0x00000000b14f81b0,0x00000000b7600000)
 Metaspace       used 103484K, capacity 108098K, committed 108928K, reserved 1144832K
  class space    used 12490K, capacity 13488K, committed 13696K, reserved 1048576K
Event: 10767.132 GC heap after
Heap after GC invocations=81 (full 7):
 PSYoungGen      total 424960K, used 128K [0x00000000e0000000, 0x00000000ff700000, 0x0000000100000000)
  eden space 340992K, 0% used [0x00000000e0000000,0x00000000e0000000,0x00000000f4d00000)
  from space 83968K, 0% used [0x00000000fa500000,0x00000000fa520000,0x00000000ff700000)
  to   space 87040K, 0% used [0x00000000f4d00000,0x00000000f4d00000,0x00000000fa200000)
 ParOldGen       total 382976K, used 286302K [0x00000000a0000000, 0x00000000b7600000, 0x00000000e0000000)
  object space 382976K, 74% used [0x00000000a0000000,0x00000000b1797840,0x00000000b7600000)
 Metaspace       used 103484K, capacity 108098K, committed 108928K, reserved 1144832K
  class space    used 12490K, capacity 13488K, committed 13696K, reserved 1048576K
}
Event: 10930.372 GC heap before
{Heap before GC invocations=82 (full 7):
 PSYoungGen      total 424960K, used 341120K [0x00000000e0000000, 0x00000000ff700000, 0x0000000100000000)
  eden space 340992K, 100% used [0x00000000e0000000,0x00000000f4d00000,0x00000000f4d00000)
  from space 83968K, 0% used [0x00000000fa500000,0x00000000fa520000,0x00000000ff700000)
  to   space 87040K, 0% used [0x00000000f4d00000,0x00000000f4d00000,0x00000000fa200000)
 ParOldGen       total 382976K, used 286302K [0x00000000a0000000, 0x00000000b7600000, 0x00000000e0000000)
  object space 382976K, 74% used [0x00000000a0000000,0x00000000b1797840,0x00000000b7600000)
 Metaspace       used 103544K, capacity 108128K, committed 108928K, reserved 1144832K
  class space    used 12492K, capacity 13493K, committed 13696K, reserved 1048576K
Event: 10930.380 GC heap after
Heap after GC invocations=82 (full 7):
 PSYoungGen      total 428032K, used 480K [0x00000000e0000000, 0x00000000fff00000, 0x0000000100000000)
  eden space 340992K, 0% used [0x00000000e0000000,0x00000000e0000000,0x00000000f4d00000)
  from space 87040K, 0% used [0x00000000f4d00000,0x00000000f4d78238,0x00000000fa200000)
  to   space 84992K, 0% used [0x00000000fac00000,0x00000000fac00000,0x00000000fff00000)
 ParOldGen       total 382976K, used 286342K [0x00000000a0000000, 0x00000000b7600000, 0x00000000e0000000)
  object space 382976K, 74% used [0x00000000a0000000,0x00000000b17a1840,0x00000000b7600000)
 Metaspace       used 103544K, capacity 108128K, committed 108928K, reserved 1144832K
  class space    used 12492K, capacity 13493K, committed 13696K, reserved 1048576K
}

