# JRE version: OpenJDK Runtime Environment (8.0_152-b01) (build 1.8.0_152-release-915-b01)
# Java VM: OpenJDK 64-Bit Server VM (25.152-b01 mixed mode windows-amd64 compressed oops)
Heap:
 PSYoungGen      total 90112K, used 34300K [0x00000000e0000000, 0x00000000e6800000, 0x0000000100000000)
  eden space 82432K, 32% used [0x00000000e0000000,0x00000000e1a7b880,0x00000000e5080000)
  from space 7680K, 93% used [0x00000000e6080000,0x00000000e6783830,0x00000000e6800000)
  to   space 11776K, 0% used [0x00000000e5100000,0x00000000e5100000,0x00000000e5c80000)
 ParOldGen       total 52736K, used 21666K [0x00000000a0000000, 0x00000000a3380000, 0x00000000e0000000)
  object space 52736K, 41% used [0x00000000a0000000,0x00000000a15288b0,0x00000000a3380000)
 Metaspace       used 48741K, capacity 50102K, committed 50304K, reserved 1093632K
  class space    used 6550K, capacity 6989K, committed 7040K, reserved 1048576K
GC Heap History (10 events):
Event: 36.634 GC heap before
{Heap before GC invocations=10 (full 1):
 PSYoungGen      total 77824K, used 76295K [0x00000000e0000000, 0x00000000e5680000, 0x0000000100000000)
  eden space 68096K, 100% used [0x00000000e0000000,0x00000000e4280000,0x00000000e4280000)
  from space 9728K, 84% used [0x00000000e4d00000,0x00000000e5501e68,0x00000000e5680000)
  to   space 10240K, 0% used [0x00000000e4280000,0x00000000e4280000,0x00000000e4c80000)
 ParOldGen       total 45056K, used 8581K [0x00000000a0000000, 0x00000000a2c00000, 0x00000000e0000000)
  object space 45056K, 19% used [0x00000000a0000000,0x00000000a0861640,0x00000000a2c00000)
 Metaspace       used 32023K, capacity 32748K, committed 32896K, reserved 1077248K
  class space    used 4396K, capacity 4689K, committed 4736K, reserved 1048576K
Event: 36.644 GC heap after
Heap after GC invocations=10 (full 1):
 PSYoungGen      total 78336K, used 6986K [0x00000000e0000000, 0x00000000e6c00000, 0x0000000100000000)
  eden space 68096K, 0% used [0x00000000e0000000,0x00000000e0000000,0x00000000e4280000)
  from space 10240K, 68% used [0x00000000e4280000,0x00000000e49529b0,0x00000000e4c80000)
  to   space 10240K, 0% used [0x00000000e6200000,0x00000000e6200000,0x00000000e6c00000)
 ParOldGen       total 45056K, used 10112K [0x00000000a0000000, 0x00000000a2c00000, 0x00000000e0000000)
  object space 45056K, 22% used [0x00000000a0000000,0x00000000a09e0098,0x00000000a2c00000)
 Metaspace       used 32023K, capacity 32748K, committed 32896K, reserved 1077248K
  class space    used 4396K, capacity 4689K, committed 4736K, reserved 1048576K
}
Event: 43.141 GC heap before
{Heap before GC invocations=11 (full 1):
 PSYoungGen      total 78336K, used 23674K [0x00000000e0000000, 0x00000000e6c00000, 0x0000000100000000)
  eden space 68096K, 24% used [0x00000000e0000000,0x00000000e104c218,0x00000000e4280000)
  from space 10240K, 68% used [0x00000000e4280000,0x00000000e49529b0,0x00000000e4c80000)
  to   space 10240K, 0% used [0x00000000e6200000,0x00000000e6200000,0x00000000e6c00000)
 ParOldGen       total 45056K, used 10112K [0x00000000a0000000, 0x00000000a2c00000, 0x00000000e0000000)
  object space 45056K, 22% used [0x00000000a0000000,0x00000000a09e0098,0x00000000a2c00000)
 Metaspace       used 34429K, capacity 35308K, committed 35416K, reserved 1079296K
  class space    used 4707K, capacity 5038K, committed 5120K, reserved 1048576K
Event: 43.159 GC heap after
Heap after GC invocations=11 (full 1):
 PSYoungGen      total 97280K, used 3919K [0x00000000e0000000, 0x00000000e6a80000, 0x0000000100000000)
  eden space 88576K, 0% used [0x00000000e0000000,0x00000000e0000000,0x00000000e5680000)
  from space 8704K, 45% used [0x00000000e6200000,0x00000000e65d3d50,0x00000000e6a80000)
  to   space 10240K, 0% used [0x00000000e5680000,0x00000000e5680000,0x00000000e6080000)
 ParOldGen       total 45056K, used 14300K [0x00000000a0000000, 0x00000000a2c00000, 0x00000000e0000000)
  object space 45056K, 31% used [0x00000000a0000000,0x00000000a0df7278,0x00000000a2c00000)
 Metaspace       used 34429K, capacity 35308K, committed 35416K, reserved 1079296K
  class space    used 4707K, capacity 5038K, committed 5120K, reserved 1048576K
}
Event: 43.159 GC heap before
{Heap before GC invocations=12 (full 2):
 PSYoungGen      total 97280K, used 3919K [0x00000000e0000000, 0x00000000e6a80000, 0x0000000100000000)
  eden space 88576K, 0% used [0x00000000e0000000,0x00000000e0000000,0x00000000e5680000)
  from space 8704K, 45% used [0x00000000e6200000,0x00000000e65d3d50,0x00000000e6a80000)
  to   space 10240K, 0% used [0x00000000e5680000,0x00000000e5680000,0x00000000e6080000)
 ParOldGen       total 45056K, used 14300K [0x00000000a0000000, 0x00000000a2c00000, 0x00000000e0000000)
  object space 45056K, 31% used [0x00000000a0000000,0x00000000a0df7278,0x00000000a2c00000)
 Metaspace       used 34429K, capacity 35308K, committed 35416K, reserved 1079296K
  class space    used 4707K, capacity 5038K, committed 5120K, reserved 1048576K
Event: 43.257 GC heap after
Heap after GC invocations=12 (full 2):
 PSYoungGen      total 97280K, used 0K [0x00000000e0000000, 0x00000000e6a80000, 0x0000000100000000)
  eden space 88576K, 0% used [0x00000000e0000000,0x00000000e0000000,0x00000000e5680000)
  from space 8704K, 0% used [0x00000000e6200000,0x00000000e6200000,0x00000000e6a80000)
  to   space 10240K, 0% used [0x00000000e5680000,0x00000000e5680000,0x00000000e6080000)
 ParOldGen       total 52736K, used 15799K [0x00000000a0000000, 0x00000000a3380000, 0x00000000e0000000)
  object space 52736K, 29% used [0x00000000a0000000,0x00000000a0f6df70,0x00000000a3380000)
 Metaspace       used 34429K, capacity 35308K, committed 35416K, reserved 1079296K
  class space    used 4707K, capacity 5038K, committed 5120K, reserved 1048576K
}
Event: 53.310 GC heap before
{Heap before GC invocations=13 (full 2):
 PSYoungGen      total 97280K, used 88576K [0x00000000e0000000, 0x00000000e6a80000, 0x0000000100000000)
  eden space 88576K, 100% used [0x00000000e0000000,0x00000000e5680000,0x00000000e5680000)
  from space 8704K, 0% used [0x00000000e6200000,0x00000000e6200000,0x00000000e6a80000)
  to   space 10240K, 0% used [0x00000000e5680000,0x00000000e5680000,0x00000000e6080000)
 ParOldGen       total 52736K, used 15799K [0x00000000a0000000, 0x00000000a3380000, 0x00000000e0000000)
  object space 52736K, 29% used [0x00000000a0000000,0x00000000a0f6df70,0x00000000a3380000)
 Metaspace       used 41377K, capacity 42316K, committed 42496K, reserved 1085440K
  class space    used 5535K, capacity 5869K, committed 5888K, reserved 1048576K
Event: 53.325 GC heap after
Heap after GC invocations=13 (full 2):
 PSYoungGen      total 95744K, used 10214K [0x00000000e0000000, 0x00000000e6a80000, 0x0000000100000000)
  eden space 85504K, 0% used [0x00000000e0000000,0x00000000e0000000,0x00000000e5380000)
  from space 10240K, 99% used [0x00000000e5680000,0x00000000e6079a60,0x00000000e6080000)
  to   space 10240K, 0% used [0x00000000e6080000,0x00000000e6080000,0x00000000e6a80000)
 ParOldGen       total 52736K, used 16507K [0x00000000a0000000, 0x00000000a3380000, 0x00000000e0000000)
  object space 52736K, 31% used [0x00000000a0000000,0x00000000a101edc8,0x00000000a3380000)
 Metaspace       used 41377K, capacity 42316K, committed 42496K, reserved 1085440K
  class space    used 5535K, capacity 5869K, committed 5888K, reserved 1048576K
}
Event: 66.328 GC heap before
{Heap before GC invocations=14 (full 2):
 PSYoungGen      total 95744K, used 95718K [0x00000000e0000000, 0x00000000e6a80000, 0x0000000100000000)
  eden space 85504K, 100% used [0x00000000e0000000,0x00000000e5380000,0x00000000e5380000)
  from space 10240K, 99% used [0x00000000e5680000,0x00000000e6079a60,0x00000000e6080000)
  to   space 10240K, 0% used [0x00000000e6080000,0x00000000e6080000,0x00000000e6a80000)
 ParOldGen       total 52736K, used 16507K [0x00000000a0000000, 0x00000000a3380000, 0x00000000e0000000)
  object space 52736K, 31% used [0x00000000a0000000,0x00000000a101edc8,0x00000000a3380000)
 Metaspace       used 46972K, capacity 48150K, committed 48256K, reserved 1091584K
  class space    used 6311K, capacity 6707K, committed 6784K, reserved 1048576K
Event: 66.344 GC heap after
Heap after GC invocations=14 (full 2):
 PSYoungGen      total 90112K, used 7182K [0x00000000e0000000, 0x00000000e6800000, 0x0000000100000000)
  eden space 82432K, 0% used [0x00000000e0000000,0x00000000e0000000,0x00000000e5080000)
  from space 7680K, 93% used [0x00000000e6080000,0x00000000e6783830,0x00000000e6800000)
  to   space 11776K, 0% used [0x00000000e5100000,0x00000000e5100000,0x00000000e5c80000)
 ParOldGen       total 52736K, used 21666K [0x00000000a0000000, 0x00000000a3380000, 0x00000000e0000000)
  object space 52736K, 41% used [0x00000000a0000000,0x00000000a15288b0,0x00000000a3380000)
 Metaspace       used 46972K, capacity 48150K, committed 48256K, reserved 1091584K
  class space    used 6311K, capacity 6707K, committed 6784K, reserved 1048576K
}

