# JRE version: OpenJDK Runtime Environment (8.0_152-b01) (build 1.8.0_152-release-915-b01)
# Java VM: OpenJDK 64-Bit Server VM (25.152-b01 mixed mode windows-amd64 compressed oops)
Heap:
 PSYoungGen      total 409600K, used 137431K [0x00000000e0000000, 0x00000000fe000000, 0x0000000100000000)
  eden space 335872K, 33% used [0x00000000e0000000,0x00000000e6d8b0b8,0x00000000f4800000)
  from space 73728K, 34% used [0x00000000f9800000,0x00000000fb0aae58,0x00000000fe000000)
  to   space 77824K, 0% used [0x00000000f4800000,0x00000000f4800000,0x00000000f9400000)
 ParOldGen       total 184320K, used 144349K [0x00000000a0000000, 0x00000000ab400000, 0x00000000e0000000)
  object space 184320K, 78% used [0x00000000a0000000,0x00000000a8cf7418,0x00000000ab400000)
 Metaspace       used 94410K, capacity 98705K, committed 99200K, reserved 1136640K
  class space    used 11741K, capacity 12734K, committed 12928K, reserved 1048576K
GC Heap History (10 events):
Event: 1944.223 GC heap before
{Heap before GC invocations=38 (full 4):
 PSYoungGen      total 268288K, used 175598K [0x00000000e0000000, 0x00000000f8000000, 0x0000000100000000)
  eden space 184832K, 95% used [0x00000000e0000000,0x00000000eab7b8a8,0x00000000eb480000)
  from space 83456K, 0% used [0x00000000eb480000,0x00000000eb480000,0x00000000f0600000)
  to   space 82432K, 0% used [0x00000000f2f80000,0x00000000f2f80000,0x00000000f8000000)
 ParOldGen       total 184320K, used 95733K [0x00000000a0000000, 0x00000000ab400000, 0x00000000e0000000)
  object space 184320K, 51% used [0x00000000a0000000,0x00000000a5d7d798,0x00000000ab400000)
 Metaspace       used 90716K, capacity 94785K, committed 95616K, reserved 1132544K
  class space    used 11467K, capacity 12460K, committed 12672K, reserved 1048576K
Event: 1944.266 GC heap after
Heap after GC invocations=38 (full 4):
 PSYoungGen      total 308736K, used 52402K [0x00000000e0000000, 0x00000000f8400000, 0x0000000100000000)
  eden space 226304K, 0% used [0x00000000e0000000,0x00000000e0000000,0x00000000edd00000)
  from space 82432K, 63% used [0x00000000f2f80000,0x00000000f62acbd8,0x00000000f8000000)
  to   space 84480K, 0% used [0x00000000edd00000,0x00000000edd00000,0x00000000f2f80000)
 ParOldGen       total 184320K, used 95741K [0x00000000a0000000, 0x00000000ab400000, 0x00000000e0000000)
  object space 184320K, 51% used [0x00000000a0000000,0x00000000a5d7f798,0x00000000ab400000)
 Metaspace       used 90716K, capacity 94785K, committed 95616K, reserved 1132544K
  class space    used 11467K, capacity 12460K, committed 12672K, reserved 1048576K
}
Event: 1946.440 GC heap before
{Heap before GC invocations=39 (full 4):
 PSYoungGen      total 308736K, used 278706K [0x00000000e0000000, 0x00000000f8400000, 0x0000000100000000)
  eden space 226304K, 100% used [0x00000000e0000000,0x00000000edd00000,0x00000000edd00000)
  from space 82432K, 63% used [0x00000000f2f80000,0x00000000f62acbd8,0x00000000f8000000)
  to   space 84480K, 0% used [0x00000000edd00000,0x00000000edd00000,0x00000000f2f80000)
 ParOldGen       total 184320K, used 95741K [0x00000000a0000000, 0x00000000ab400000, 0x00000000e0000000)
  object space 184320K, 51% used [0x00000000a0000000,0x00000000a5d7f798,0x00000000ab400000)
 Metaspace       used 92065K, capacity 96173K, committed 96896K, reserved 1134592K
  class space    used 11543K, capacity 12538K, committed 12672K, reserved 1048576K
Event: 1946.463 GC heap after
Heap after GC invocations=39 (full 4):
 PSYoungGen      total 310784K, used 44857K [0x00000000e0000000, 0x00000000fb180000, 0x0000000100000000)
  eden space 226304K, 0% used [0x00000000e0000000,0x00000000e0000000,0x00000000edd00000)
  from space 84480K, 53% used [0x00000000edd00000,0x00000000f08ce780,0x00000000f2f80000)
  to   space 82944K, 0% used [0x00000000f6080000,0x00000000f6080000,0x00000000fb180000)
 ParOldGen       total 184320K, used 95749K [0x00000000a0000000, 0x00000000ab400000, 0x00000000e0000000)
  object space 184320K, 51% used [0x00000000a0000000,0x00000000a5d81798,0x00000000ab400000)
 Metaspace       used 92065K, capacity 96173K, committed 96896K, reserved 1134592K
  class space    used 11543K, capacity 12538K, committed 12672K, reserved 1048576K
}
Event: 1949.065 GC heap before
{Heap before GC invocations=40 (full 4):
 PSYoungGen      total 310784K, used 271161K [0x00000000e0000000, 0x00000000fb180000, 0x0000000100000000)
  eden space 226304K, 100% used [0x00000000e0000000,0x00000000edd00000,0x00000000edd00000)
  from space 84480K, 53% used [0x00000000edd00000,0x00000000f08ce780,0x00000000f2f80000)
  to   space 82944K, 0% used [0x00000000f6080000,0x00000000f6080000,0x00000000fb180000)
 ParOldGen       total 184320K, used 95749K [0x00000000a0000000, 0x00000000ab400000, 0x00000000e0000000)
  object space 184320K, 51% used [0x00000000a0000000,0x00000000a5d81798,0x00000000ab400000)
 Metaspace       used 93030K, capacity 97221K, committed 97792K, reserved 1134592K
  class space    used 11649K, capacity 12652K, committed 12800K, reserved 1048576K
Event: 1949.153 GC heap after
Heap after GC invocations=40 (full 4):
 PSYoungGen      total 358912K, used 49590K [0x00000000e0000000, 0x00000000fb080000, 0x0000000100000000)
  eden space 276992K, 0% used [0x00000000e0000000,0x00000000e0000000,0x00000000f0e80000)
  from space 81920K, 60% used [0x00000000f6080000,0x00000000f90edb68,0x00000000fb080000)
  to   space 82944K, 0% used [0x00000000f0e80000,0x00000000f0e80000,0x00000000f5f80000)
 ParOldGen       total 184320K, used 95757K [0x00000000a0000000, 0x00000000ab400000, 0x00000000e0000000)
  object space 184320K, 51% used [0x00000000a0000000,0x00000000a5d83798,0x00000000ab400000)
 Metaspace       used 93030K, capacity 97221K, committed 97792K, reserved 1134592K
  class space    used 11649K, capacity 12652K, committed 12800K, reserved 1048576K
}
Event: 1955.115 GC heap before
{Heap before GC invocations=41 (full 4):
 PSYoungGen      total 358912K, used 326582K [0x00000000e0000000, 0x00000000fb080000, 0x0000000100000000)
  eden space 276992K, 100% used [0x00000000e0000000,0x00000000f0e80000,0x00000000f0e80000)
  from space 81920K, 60% used [0x00000000f6080000,0x00000000f90edb68,0x00000000fb080000)
  to   space 82944K, 0% used [0x00000000f0e80000,0x00000000f0e80000,0x00000000f5f80000)
 ParOldGen       total 184320K, used 95757K [0x00000000a0000000, 0x00000000ab400000, 0x00000000e0000000)
  object space 184320K, 51% used [0x00000000a0000000,0x00000000a5d83798,0x00000000ab400000)
 Metaspace       used 93999K, capacity 98265K, committed 98944K, reserved 1134592K
  class space    used 11718K, capacity 12728K, committed 12928K, reserved 1048576K
Event: 1955.198 GC heap after
Heap after GC invocations=41 (full 4):
 PSYoungGen      total 359936K, used 27513K [0x00000000e0000000, 0x00000000fe680000, 0x0000000100000000)
  eden space 276992K, 0% used [0x00000000e0000000,0x00000000e0000000,0x00000000f0e80000)
  from space 82944K, 33% used [0x00000000f0e80000,0x00000000f295e5d0,0x00000000f5f80000)
  to   space 80384K, 0% used [0x00000000f9800000,0x00000000f9800000,0x00000000fe680000)
 ParOldGen       total 184320K, used 137157K [0x00000000a0000000, 0x00000000ab400000, 0x00000000e0000000)
  object space 184320K, 74% used [0x00000000a0000000,0x00000000a85f1488,0x00000000ab400000)
 Metaspace       used 93999K, capacity 98265K, committed 98944K, reserved 1134592K
  class space    used 11718K, capacity 12728K, committed 12928K, reserved 1048576K
}
Event: 1960.207 GC heap before
{Heap before GC invocations=42 (full 4):
 PSYoungGen      total 359936K, used 304505K [0x00000000e0000000, 0x00000000fe680000, 0x0000000100000000)
  eden space 276992K, 100% used [0x00000000e0000000,0x00000000f0e80000,0x00000000f0e80000)
  from space 82944K, 33% used [0x00000000f0e80000,0x00000000f295e5d0,0x00000000f5f80000)
  to   space 80384K, 0% used [0x00000000f9800000,0x00000000f9800000,0x00000000fe680000)
 ParOldGen       total 184320K, used 137157K [0x00000000a0000000, 0x00000000ab400000, 0x00000000e0000000)
  object space 184320K, 74% used [0x00000000a0000000,0x00000000a85f1488,0x00000000ab400000)
 Metaspace       used 94286K, capacity 98553K, committed 99200K, reserved 1136640K
  class space    used 11740K, capacity 12732K, committed 12928K, reserved 1048576K
Event: 1960.358 GC heap after
Heap after GC invocations=42 (full 4):
 PSYoungGen      total 409600K, used 25259K [0x00000000e0000000, 0x00000000fe000000, 0x0000000100000000)
  eden space 335872K, 0% used [0x00000000e0000000,0x00000000e0000000,0x00000000f4800000)
  from space 73728K, 34% used [0x00000000f9800000,0x00000000fb0aae58,0x00000000fe000000)
  to   space 77824K, 0% used [0x00000000f4800000,0x00000000f4800000,0x00000000f9400000)
 ParOldGen       total 184320K, used 144349K [0x00000000a0000000, 0x00000000ab400000, 0x00000000e0000000)
  object space 184320K, 78% used [0x00000000a0000000,0x00000000a8cf7418,0x00000000ab400000)
 Metaspace       used 94286K, capacity 98553K, committed 99200K, reserved 1136640K
  class space    used 11740K, capacity 12732K, committed 12928K, reserved 1048576K
}

