# JRE version: OpenJDK Runtime Environment (8.0_152-b01) (build 1.8.0_152-release-915-b01)
# Java VM: OpenJDK 64-Bit Server VM (25.152-b01 mixed mode windows-amd64 compressed oops)
Heap:
 PSYoungGen      total 145920K, used 6299K [0x00000000e0000000, 0x00000000ea480000, 0x0000000100000000)
  eden space 131072K, 4% used [0x00000000e0000000,0x00000000e0626e48,0x00000000e8000000)
  from space 14848K, 0% used [0x00000000e9080000,0x00000000e9080000,0x00000000e9f00000)
  to   space 16896K, 0% used [0x00000000e8000000,0x00000000e8000000,0x00000000e9080000)
 ParOldGen       total 70144K, used 50581K [0x00000000a0000000, 0x00000000a4480000, 0x00000000e0000000)
  object space 70144K, 72% used [0x00000000a0000000,0x00000000a31656a0,0x00000000a4480000)
 Metaspace       used 59055K, capacity 61062K, committed 61272K, reserved 1101824K
  class space    used 7943K, capacity 8462K, committed 8576K, reserved 1048576K
GC Heap History (10 events):
Event: 26.882 GC heap before
{Heap before GC invocations=17 (full 2):
 PSYoungGen      total 108544K, used 105061K [0x00000000e0000000, 0x00000000e7e00000, 0x0000000100000000)
  eden space 97792K, 99% used [0x00000000e0000000,0x00000000e5f7fdb0,0x00000000e5f80000)
  from space 10752K, 67% used [0x00000000e6a00000,0x00000000e71197e0,0x00000000e7480000)
  to   space 10752K, 0% used [0x00000000e5f80000,0x00000000e5f80000,0x00000000e6a00000)
 ParOldGen       total 70144K, used 26888K [0x00000000a0000000, 0x00000000a4480000, 0x00000000e0000000)
  object space 70144K, 38% used [0x00000000a0000000,0x00000000a1a42250,0x00000000a4480000)
 Metaspace       used 53243K, capacity 55036K, committed 55256K, reserved 1097728K
  class space    used 7176K, capacity 7611K, committed 7680K, reserved 1048576K
Event: 26.899 GC heap after
Heap after GC invocations=17 (full 2):
 PSYoungGen      total 108544K, used 10745K [0x00000000e0000000, 0x00000000e8d80000, 0x0000000100000000)
  eden space 97792K, 0% used [0x00000000e0000000,0x00000000e0000000,0x00000000e5f80000)
  from space 10752K, 99% used [0x00000000e5f80000,0x00000000e69fe628,0x00000000e6a00000)
  to   space 12288K, 0% used [0x00000000e8180000,0x00000000e8180000,0x00000000e8d80000)
 ParOldGen       total 70144K, used 27648K [0x00000000a0000000, 0x00000000a4480000, 0x00000000e0000000)
  object space 70144K, 39% used [0x00000000a0000000,0x00000000a1b002c8,0x00000000a4480000)
 Metaspace       used 53243K, capacity 55036K, committed 55256K, reserved 1097728K
  class space    used 7176K, capacity 7611K, committed 7680K, reserved 1048576K
}
Event: 31.243 GC heap before
{Heap before GC invocations=18 (full 2):
 PSYoungGen      total 108544K, used 108537K [0x00000000e0000000, 0x00000000e8d80000, 0x0000000100000000)
  eden space 97792K, 100% used [0x00000000e0000000,0x00000000e5f80000,0x00000000e5f80000)
  from space 10752K, 99% used [0x00000000e5f80000,0x00000000e69fe628,0x00000000e6a00000)
  to   space 12288K, 0% used [0x00000000e8180000,0x00000000e8180000,0x00000000e8d80000)
 ParOldGen       total 70144K, used 27648K [0x00000000a0000000, 0x00000000a4480000, 0x00000000e0000000)
  object space 70144K, 39% used [0x00000000a0000000,0x00000000a1b002c8,0x00000000a4480000)
 Metaspace       used 53564K, capacity 55436K, committed 55512K, reserved 1097728K
  class space    used 7213K, capacity 7655K, committed 7680K, reserved 1048576K
Event: 31.262 GC heap after
Heap after GC invocations=18 (full 2):
 PSYoungGen      total 129536K, used 5168K [0x00000000e0000000, 0x00000000e8c00000, 0x0000000100000000)
  eden space 118784K, 0% used [0x00000000e0000000,0x00000000e0000000,0x00000000e7400000)
  from space 10752K, 48% used [0x00000000e8180000,0x00000000e868c020,0x00000000e8c00000)
  to   space 12288K, 0% used [0x00000000e7400000,0x00000000e7400000,0x00000000e8000000)
 ParOldGen       total 70144K, used 36727K [0x00000000a0000000, 0x00000000a4480000, 0x00000000e0000000)
  object space 70144K, 52% used [0x00000000a0000000,0x00000000a23dddd8,0x00000000a4480000)
 Metaspace       used 53564K, capacity 55436K, committed 55512K, reserved 1097728K
  class space    used 7213K, capacity 7655K, committed 7680K, reserved 1048576K
}
Event: 49.022 GC heap before
{Heap before GC invocations=19 (full 2):
 PSYoungGen      total 129536K, used 123952K [0x00000000e0000000, 0x00000000e8c00000, 0x0000000100000000)
  eden space 118784K, 100% used [0x00000000e0000000,0x00000000e7400000,0x00000000e7400000)
  from space 10752K, 48% used [0x00000000e8180000,0x00000000e868c020,0x00000000e8c00000)
  to   space 12288K, 0% used [0x00000000e7400000,0x00000000e7400000,0x00000000e8000000)
 ParOldGen       total 70144K, used 36727K [0x00000000a0000000, 0x00000000a4480000, 0x00000000e0000000)
  object space 70144K, 52% used [0x00000000a0000000,0x00000000a23dddd8,0x00000000a4480000)
 Metaspace       used 55729K, capacity 57740K, committed 57816K, reserved 1099776K
  class space    used 7469K, capacity 7909K, committed 7936K, reserved 1048576K
Event: 49.039 GC heap after
Heap after GC invocations=19 (full 2):
 PSYoungGen      total 131072K, used 12256K [0x00000000e0000000, 0x00000000e9f00000, 0x0000000100000000)
  eden space 118784K, 0% used [0x00000000e0000000,0x00000000e0000000,0x00000000e7400000)
  from space 12288K, 99% used [0x00000000e7400000,0x00000000e7ff8050,0x00000000e8000000)
  to   space 14848K, 0% used [0x00000000e9080000,0x00000000e9080000,0x00000000e9f00000)
 ParOldGen       total 70144K, used 39221K [0x00000000a0000000, 0x00000000a4480000, 0x00000000e0000000)
  object space 70144K, 55% used [0x00000000a0000000,0x00000000a264d738,0x00000000a4480000)
 Metaspace       used 55729K, capacity 57740K, committed 57816K, reserved 1099776K
  class space    used 7469K, capacity 7909K, committed 7936K, reserved 1048576K
}
Event: 53.314 GC heap before
{Heap before GC invocations=20 (full 2):
 PSYoungGen      total 131072K, used 92550K [0x00000000e0000000, 0x00000000e9f00000, 0x0000000100000000)
  eden space 118784K, 67% used [0x00000000e0000000,0x00000000e4e69af0,0x00000000e7400000)
  from space 12288K, 99% used [0x00000000e7400000,0x00000000e7ff8050,0x00000000e8000000)
  to   space 14848K, 0% used [0x00000000e9080000,0x00000000e9080000,0x00000000e9f00000)
 ParOldGen       total 70144K, used 39221K [0x00000000a0000000, 0x00000000a4480000, 0x00000000e0000000)
  object space 70144K, 55% used [0x00000000a0000000,0x00000000a264d738,0x00000000a4480000)
 Metaspace       used 56958K, capacity 58956K, committed 59028K, reserved 1099776K
  class space    used 7641K, capacity 8143K, committed 8192K, reserved 1048576K
Event: 53.351 GC heap after
Heap after GC invocations=20 (full 2):
 PSYoungGen      total 145920K, used 14675K [0x00000000e0000000, 0x00000000ea480000, 0x0000000100000000)
  eden space 131072K, 0% used [0x00000000e0000000,0x00000000e0000000,0x00000000e8000000)
  from space 14848K, 98% used [0x00000000e9080000,0x00000000e9ed4fd0,0x00000000e9f00000)
  to   space 16896K, 0% used [0x00000000e8000000,0x00000000e8000000,0x00000000e9080000)
 ParOldGen       total 70144K, used 45686K [0x00000000a0000000, 0x00000000a4480000, 0x00000000e0000000)
  object space 70144K, 65% used [0x00000000a0000000,0x00000000a2c9d858,0x00000000a4480000)
 Metaspace       used 56958K, capacity 58956K, committed 59028K, reserved 1099776K
  class space    used 7641K, capacity 8143K, committed 8192K, reserved 1048576K
}
Event: 53.351 GC heap before
{Heap before GC invocations=21 (full 3):
 PSYoungGen      total 145920K, used 14675K [0x00000000e0000000, 0x00000000ea480000, 0x0000000100000000)
  eden space 131072K, 0% used [0x00000000e0000000,0x00000000e0000000,0x00000000e8000000)
  from space 14848K, 98% used [0x00000000e9080000,0x00000000e9ed4fd0,0x00000000e9f00000)
  to   space 16896K, 0% used [0x00000000e8000000,0x00000000e8000000,0x00000000e9080000)
 ParOldGen       total 70144K, used 45686K [0x00000000a0000000, 0x00000000a4480000, 0x00000000e0000000)
  object space 70144K, 65% used [0x00000000a0000000,0x00000000a2c9d858,0x00000000a4480000)
 Metaspace       used 56958K, capacity 58956K, committed 59028K, reserved 1099776K
  class space    used 7641K, capacity 8143K, committed 8192K, reserved 1048576K
Event: 53.730 GC heap after
Heap after GC invocations=21 (full 3):
 PSYoungGen      total 145920K, used 0K [0x00000000e0000000, 0x00000000ea480000, 0x0000000100000000)
  eden space 131072K, 0% used [0x00000000e0000000,0x00000000e0000000,0x00000000e8000000)
  from space 14848K, 0% used [0x00000000e9080000,0x00000000e9080000,0x00000000e9f00000)
  to   space 16896K, 0% used [0x00000000e8000000,0x00000000e8000000,0x00000000e9080000)
 ParOldGen       total 70144K, used 50581K [0x00000000a0000000, 0x00000000a4480000, 0x00000000e0000000)
  object space 70144K, 72% used [0x00000000a0000000,0x00000000a31656a0,0x00000000a4480000)
 Metaspace       used 56956K, capacity 58950K, committed 59028K, reserved 1099776K
  class space    used 7641K, capacity 8142K, committed 8192K, reserved 1048576K
}

