# JRE version: OpenJDK Runtime Environment (8.0_152-b01) (build 1.8.0_152-release-915-b01)
# Java VM: OpenJDK 64-Bit Server VM (25.152-b01 mixed mode windows-amd64 compressed oops)
Heap:
 PSYoungGen      total 267776K, used 59941K [0x00000000e0000000, 0x00000000f2500000, 0x0000000100000000)
  eden space 238592K, 23% used [0x00000000e0000000,0x00000000e3716f28,0x00000000ee900000)
  from space 29184K, 12% used [0x00000000f0880000,0x00000000f0bf2618,0x00000000f2500000)
  to   space 30720K, 0% used [0x00000000ee900000,0x00000000ee900000,0x00000000f0700000)
 ParOldGen       total 160256K, used 142619K [0x00000000a0000000, 0x00000000a9c80000, 0x00000000e0000000)
  object space 160256K, 88% used [0x00000000a0000000,0x00000000a8b46c18,0x00000000a9c80000)
 Metaspace       used 100009K, capacity 107460K, committed 107608K, reserved 1142784K
  class space    used 12245K, capacity 13867K, committed 13952K, reserved 1048576K
GC Heap History (10 events):
Event: 11356.403 GC heap before
{Heap before GC invocations=134 (full 4):
 PSYoungGen      total 189440K, used 166434K [0x00000000e0000000, 0x00000000ef280000, 0x0000000100000000)
  eden space 155648K, 100% used [0x00000000e0000000,0x00000000e9800000,0x00000000e9800000)
  from space 33792K, 31% used [0x00000000e9800000,0x00000000ea2889b0,0x00000000eb900000)
  to   space 32768K, 0% used [0x00000000ed280000,0x00000000ed280000,0x00000000ef280000)
 ParOldGen       total 160256K, used 114851K [0x00000000a0000000, 0x00000000a9c80000, 0x00000000e0000000)
  object space 160256K, 71% used [0x00000000a0000000,0x00000000a7028f08,0x00000000a9c80000)
 Metaspace       used 97622K, capacity 104968K, committed 105304K, reserved 1140736K
  class space    used 12051K, capacity 13639K, committed 13696K, reserved 1048576K
Event: 11356.411 GC heap after
Heap after GC invocations=134 (full 4):
 PSYoungGen      total 212480K, used 3237K [0x00000000e0000000, 0x00000000ef100000, 0x0000000100000000)
  eden space 181248K, 0% used [0x00000000e0000000,0x00000000e0000000,0x00000000eb100000)
  from space 31232K, 10% used [0x00000000ed280000,0x00000000ed5a95b0,0x00000000ef100000)
  to   space 32768K, 0% used [0x00000000eb100000,0x00000000eb100000,0x00000000ed100000)
 ParOldGen       total 160256K, used 115104K [0x00000000a0000000, 0x00000000a9c80000, 0x00000000e0000000)
  object space 160256K, 71% used [0x00000000a0000000,0x00000000a7068190,0x00000000a9c80000)
 Metaspace       used 97622K, capacity 104968K, committed 105304K, reserved 1140736K
  class space    used 12051K, capacity 13639K, committed 13696K, reserved 1048576K
}
Event: 11357.754 GC heap before
{Heap before GC invocations=135 (full 4):
 PSYoungGen      total 212480K, used 179065K [0x00000000e0000000, 0x00000000ef100000, 0x0000000100000000)
  eden space 181248K, 97% used [0x00000000e0000000,0x00000000eabb5248,0x00000000eb100000)
  from space 31232K, 10% used [0x00000000ed280000,0x00000000ed5a95b0,0x00000000ef100000)
  to   space 32768K, 0% used [0x00000000eb100000,0x00000000eb100000,0x00000000ed100000)
 ParOldGen       total 160256K, used 115104K [0x00000000a0000000, 0x00000000a9c80000, 0x00000000e0000000)
  object space 160256K, 71% used [0x00000000a0000000,0x00000000a7068190,0x00000000a9c80000)
 Metaspace       used 98699K, capacity 106134K, committed 106456K, reserved 1142784K
  class space    used 12155K, capacity 13752K, committed 13824K, reserved 1048576K
Event: 11357.764 GC heap after
Heap after GC invocations=135 (full 4):
 PSYoungGen      total 214016K, used 5113K [0x00000000e0000000, 0x00000000f0c00000, 0x0000000100000000)
  eden space 181248K, 0% used [0x00000000e0000000,0x00000000e0000000,0x00000000eb100000)
  from space 32768K, 15% used [0x00000000eb100000,0x00000000eb5fe718,0x00000000ed100000)
  to   space 32256K, 0% used [0x00000000eec80000,0x00000000eec80000,0x00000000f0c00000)
 ParOldGen       total 160256K, used 117608K [0x00000000a0000000, 0x00000000a9c80000, 0x00000000e0000000)
  object space 160256K, 73% used [0x00000000a0000000,0x00000000a72da188,0x00000000a9c80000)
 Metaspace       used 98699K, capacity 106134K, committed 106456K, reserved 1142784K
  class space    used 12155K, capacity 13752K, committed 13824K, reserved 1048576K
}
Event: 11360.398 GC heap before
{Heap before GC invocations=136 (full 4):
 PSYoungGen      total 214016K, used 178802K [0x00000000e0000000, 0x00000000f0c00000, 0x0000000100000000)
  eden space 181248K, 95% used [0x00000000e0000000,0x00000000ea99e4d0,0x00000000eb100000)
  from space 32768K, 15% used [0x00000000eb100000,0x00000000eb5fe718,0x00000000ed100000)
  to   space 32256K, 0% used [0x00000000eec80000,0x00000000eec80000,0x00000000f0c00000)
 ParOldGen       total 160256K, used 117608K [0x00000000a0000000, 0x00000000a9c80000, 0x00000000e0000000)
  object space 160256K, 73% used [0x00000000a0000000,0x00000000a72da188,0x00000000a9c80000)
 Metaspace       used 99500K, capacity 106920K, committed 107096K, reserved 1142784K
  class space    used 12212K, capacity 13827K, committed 13952K, reserved 1048576K
Event: 11360.443 GC heap after
Heap after GC invocations=136 (full 4):
 PSYoungGen      total 241152K, used 18910K [0x00000000e0000000, 0x00000000f0c00000, 0x0000000100000000)
  eden space 208896K, 0% used [0x00000000e0000000,0x00000000e0000000,0x00000000ecc00000)
  from space 32256K, 58% used [0x00000000eec80000,0x00000000efef7878,0x00000000f0c00000)
  to   space 32768K, 0% used [0x00000000ecc00000,0x00000000ecc00000,0x00000000eec00000)
 ParOldGen       total 160256K, used 121850K [0x00000000a0000000, 0x00000000a9c80000, 0x00000000e0000000)
  object space 160256K, 76% used [0x00000000a0000000,0x00000000a76febf0,0x00000000a9c80000)
 Metaspace       used 99500K, capacity 106920K, committed 107096K, reserved 1142784K
  class space    used 12212K, capacity 13827K, committed 13952K, reserved 1048576K
}
Event: 11362.767 GC heap before
{Heap before GC invocations=137 (full 4):
 PSYoungGen      total 241152K, used 224555K [0x00000000e0000000, 0x00000000f0c00000, 0x0000000100000000)
  eden space 208896K, 98% used [0x00000000e0000000,0x00000000ec8d3430,0x00000000ecc00000)
  from space 32256K, 58% used [0x00000000eec80000,0x00000000efef7878,0x00000000f0c00000)
  to   space 32768K, 0% used [0x00000000ecc00000,0x00000000ecc00000,0x00000000eec00000)
 ParOldGen       total 160256K, used 121850K [0x00000000a0000000, 0x00000000a9c80000, 0x00000000e0000000)
  object space 160256K, 76% used [0x00000000a0000000,0x00000000a76febf0,0x00000000a9c80000)
 Metaspace       used 99762K, capacity 107188K, committed 107352K, reserved 1142784K
  class space    used 12229K, capacity 13829K, committed 13952K, reserved 1048576K
Event: 11362.807 GC heap after
Heap after GC invocations=137 (full 4):
 PSYoungGen      total 241664K, used 13833K [0x00000000e0000000, 0x00000000f2680000, 0x0000000100000000)
  eden space 208896K, 0% used [0x00000000e0000000,0x00000000e0000000,0x00000000ecc00000)
  from space 32768K, 42% used [0x00000000ecc00000,0x00000000ed982508,0x00000000eec00000)
  to   space 30720K, 0% used [0x00000000f0880000,0x00000000f0880000,0x00000000f2680000)
 ParOldGen       total 160256K, used 139576K [0x00000000a0000000, 0x00000000a9c80000, 0x00000000e0000000)
  object space 160256K, 87% used [0x00000000a0000000,0x00000000a884e3c8,0x00000000a9c80000)
 Metaspace       used 99762K, capacity 107188K, committed 107352K, reserved 1142784K
  class space    used 12229K, capacity 13829K, committed 13952K, reserved 1048576K
}
Event: 11364.352 GC heap before
{Heap before GC invocations=138 (full 4):
 PSYoungGen      total 241664K, used 222729K [0x00000000e0000000, 0x00000000f2680000, 0x0000000100000000)
  eden space 208896K, 100% used [0x00000000e0000000,0x00000000ecc00000,0x00000000ecc00000)
  from space 32768K, 42% used [0x00000000ecc00000,0x00000000ed982508,0x00000000eec00000)
  to   space 30720K, 0% used [0x00000000f0880000,0x00000000f0880000,0x00000000f2680000)
 ParOldGen       total 160256K, used 139576K [0x00000000a0000000, 0x00000000a9c80000, 0x00000000e0000000)
  object space 160256K, 87% used [0x00000000a0000000,0x00000000a884e3c8,0x00000000a9c80000)
 Metaspace       used 99954K, capacity 107438K, committed 107608K, reserved 1142784K
  class space    used 12243K, capacity 13864K, committed 13952K, reserved 1048576K
Event: 11364.371 GC heap after
Heap after GC invocations=138 (full 4):
 PSYoungGen      total 267776K, used 3529K [0x00000000e0000000, 0x00000000f2500000, 0x0000000100000000)
  eden space 238592K, 0% used [0x00000000e0000000,0x00000000e0000000,0x00000000ee900000)
  from space 29184K, 12% used [0x00000000f0880000,0x00000000f0bf2618,0x00000000f2500000)
  to   space 30720K, 0% used [0x00000000ee900000,0x00000000ee900000,0x00000000f0700000)
 ParOldGen       total 160256K, used 142619K [0x00000000a0000000, 0x00000000a9c80000, 0x00000000e0000000)
  object space 160256K, 88% used [0x00000000a0000000,0x00000000a8b46c18,0x00000000a9c80000)
 Metaspace       used 99954K, capacity 107438K, committed 107608K, reserved 1142784K
  class space    used 12243K, capacity 13864K, committed 13952K, reserved 1048576K
}

