# JRE version: OpenJDK Runtime Environment (8.0_152-b01) (build 1.8.0_152-release-915-b01)
# Java VM: OpenJDK 64-Bit Server VM (25.152-b01 mixed mode windows-amd64 compressed oops)
Heap:
 PSYoungGen      total 226816K, used 78645K [0x00000000e0000000, 0x00000000ef480000, 0x0000000100000000)
  eden space 211456K, 37% used [0x00000000e0000000,0x00000000e4ccd428,0x00000000ece80000)
  from space 15360K, 0% used [0x00000000ece80000,0x00000000ece80000,0x00000000edd80000)
  to   space 14848K, 0% used [0x00000000edd80000,0x00000000edd80000,0x00000000eec00000)
 ParOldGen       total 148480K, used 79290K [0x00000000a0000000, 0x00000000a9100000, 0x00000000e0000000)
  object space 148480K, 53% used [0x00000000a0000000,0x00000000a4d6ea80,0x00000000a9100000)
 Metaspace       used 73733K, capacity 76034K, committed 76248K, reserved 1116160K
  class space    used 9480K, capacity 9954K, committed 9984K, reserved 1048576K
GC Heap History (10 events):
Event: 50.761 GC heap before
{Heap before GC invocations=27 (full 4):
 PSYoungGen      total 226816K, used 15350K [0x00000000e0000000, 0x00000000ef480000, 0x0000000100000000)
  eden space 211456K, 0% used [0x00000000e0000000,0x00000000e0000000,0x00000000ece80000)
  from space 15360K, 99% used [0x00000000ece80000,0x00000000edd7d860,0x00000000edd80000)
  to   space 14848K, 0% used [0x00000000edd80000,0x00000000edd80000,0x00000000eec00000)
 ParOldGen       total 107008K, used 92489K [0x00000000a0000000, 0x00000000a6880000, 0x00000000e0000000)
  object space 107008K, 86% used [0x00000000a0000000,0x00000000a5a52768,0x00000000a6880000)
 Metaspace       used 73250K, capacity 75482K, committed 75736K, reserved 1116160K
  class space    used 9447K, capacity 9914K, committed 9984K, reserved 1048576K
Event: 51.094 GC heap after
Heap after GC invocations=27 (full 4):
 PSYoungGen      total 226816K, used 0K [0x00000000e0000000, 0x00000000ef480000, 0x0000000100000000)
  eden space 211456K, 0% used [0x00000000e0000000,0x00000000e0000000,0x00000000ece80000)
  from space 15360K, 0% used [0x00000000ece80000,0x00000000ece80000,0x00000000edd80000)
  to   space 14848K, 0% used [0x00000000edd80000,0x00000000edd80000,0x00000000eec00000)
 ParOldGen       total 107008K, used 84315K [0x00000000a0000000, 0x00000000a6880000, 0x00000000e0000000)
  object space 107008K, 78% used [0x00000000a0000000,0x00000000a5256e70,0x00000000a6880000)
 Metaspace       used 73250K, capacity 75482K, committed 75736K, reserved 1116160K
  class space    used 9447K, capacity 9914K, committed 9984K, reserved 1048576K
}
Event: 52.580 GC heap before
{Heap before GC invocations=28 (full 4):
 PSYoungGen      total 226816K, used 196094K [0x00000000e0000000, 0x00000000ef480000, 0x0000000100000000)
  eden space 211456K, 92% used [0x00000000e0000000,0x00000000ebf7fb98,0x00000000ece80000)
  from space 15360K, 0% used [0x00000000ece80000,0x00000000ece80000,0x00000000edd80000)
  to   space 14848K, 0% used [0x00000000edd80000,0x00000000edd80000,0x00000000eec00000)
 ParOldGen       total 107008K, used 84315K [0x00000000a0000000, 0x00000000a6880000, 0x00000000e0000000)
  object space 107008K, 78% used [0x00000000a0000000,0x00000000a5256e70,0x00000000a6880000)
 Metaspace       used 73449K, capacity 75726K, committed 75992K, reserved 1116160K
  class space    used 9463K, capacity 9948K, committed 9984K, reserved 1048576K
Event: 52.604 GC heap after
Heap after GC invocations=28 (full 4):
 PSYoungGen      total 226304K, used 13833K [0x00000000e0000000, 0x00000000ef480000, 0x0000000100000000)
  eden space 211456K, 0% used [0x00000000e0000000,0x00000000e0000000,0x00000000ece80000)
  from space 14848K, 93% used [0x00000000edd80000,0x00000000eeb02508,0x00000000eec00000)
  to   space 15360K, 0% used [0x00000000ece80000,0x00000000ece80000,0x00000000edd80000)
 ParOldGen       total 148480K, used 125351K [0x00000000a0000000, 0x00000000a9100000, 0x00000000e0000000)
  object space 148480K, 84% used [0x00000000a0000000,0x00000000a7a69cd8,0x00000000a9100000)
 Metaspace       used 73449K, capacity 75726K, committed 75992K, reserved 1116160K
  class space    used 9463K, capacity 9948K, committed 9984K, reserved 1048576K
}
Event: 52.604 GC heap before
{Heap before GC invocations=29 (full 5):
 PSYoungGen      total 226304K, used 13833K [0x00000000e0000000, 0x00000000ef480000, 0x0000000100000000)
  eden space 211456K, 0% used [0x00000000e0000000,0x00000000e0000000,0x00000000ece80000)
  from space 14848K, 93% used [0x00000000edd80000,0x00000000eeb02508,0x00000000eec00000)
  to   space 15360K, 0% used [0x00000000ece80000,0x00000000ece80000,0x00000000edd80000)
 ParOldGen       total 148480K, used 125351K [0x00000000a0000000, 0x00000000a9100000, 0x00000000e0000000)
  object space 148480K, 84% used [0x00000000a0000000,0x00000000a7a69cd8,0x00000000a9100000)
 Metaspace       used 73449K, capacity 75726K, committed 75992K, reserved 1116160K
  class space    used 9463K, capacity 9948K, committed 9984K, reserved 1048576K
Event: 52.828 GC heap after
Heap after GC invocations=29 (full 5):
 PSYoungGen      total 226304K, used 0K [0x00000000e0000000, 0x00000000ef480000, 0x0000000100000000)
  eden space 211456K, 0% used [0x00000000e0000000,0x00000000e0000000,0x00000000ece80000)
  from space 14848K, 0% used [0x00000000edd80000,0x00000000edd80000,0x00000000eec00000)
  to   space 15360K, 0% used [0x00000000ece80000,0x00000000ece80000,0x00000000edd80000)
 ParOldGen       total 148480K, used 86558K [0x00000000a0000000, 0x00000000a9100000, 0x00000000e0000000)
  object space 148480K, 58% used [0x00000000a0000000,0x00000000a5487978,0x00000000a9100000)
 Metaspace       used 73449K, capacity 75726K, committed 75992K, reserved 1116160K
  class space    used 9463K, capacity 9948K, committed 9984K, reserved 1048576K
}
Event: 54.346 GC heap before
{Heap before GC invocations=30 (full 5):
 PSYoungGen      total 226304K, used 211456K [0x00000000e0000000, 0x00000000ef480000, 0x0000000100000000)
  eden space 211456K, 100% used [0x00000000e0000000,0x00000000ece80000,0x00000000ece80000)
  from space 14848K, 0% used [0x00000000edd80000,0x00000000edd80000,0x00000000eec00000)
  to   space 15360K, 0% used [0x00000000ece80000,0x00000000ece80000,0x00000000edd80000)
 ParOldGen       total 148480K, used 86558K [0x00000000a0000000, 0x00000000a9100000, 0x00000000e0000000)
  object space 148480K, 58% used [0x00000000a0000000,0x00000000a5487978,0x00000000a9100000)
 Metaspace       used 73628K, capacity 75876K, committed 75992K, reserved 1116160K
  class space    used 9478K, capacity 9951K, committed 9984K, reserved 1048576K
Event: 54.365 GC heap after
Heap after GC invocations=30 (full 5):
 PSYoungGen      total 226816K, used 3545K [0x00000000e0000000, 0x00000000ef480000, 0x0000000100000000)
  eden space 211456K, 0% used [0x00000000e0000000,0x00000000e0000000,0x00000000ece80000)
  from space 15360K, 23% used [0x00000000ece80000,0x00000000ed1f6628,0x00000000edd80000)
  to   space 14848K, 0% used [0x00000000edd80000,0x00000000edd80000,0x00000000eec00000)
 ParOldGen       total 148480K, used 127593K [0x00000000a0000000, 0x00000000a9100000, 0x00000000e0000000)
  object space 148480K, 85% used [0x00000000a0000000,0x00000000a7c9a7e0,0x00000000a9100000)
 Metaspace       used 73628K, capacity 75876K, committed 75992K, reserved 1116160K
  class space    used 9478K, capacity 9951K, committed 9984K, reserved 1048576K
}
Event: 54.365 GC heap before
{Heap before GC invocations=31 (full 6):
 PSYoungGen      total 226816K, used 3545K [0x00000000e0000000, 0x00000000ef480000, 0x0000000100000000)
  eden space 211456K, 0% used [0x00000000e0000000,0x00000000e0000000,0x00000000ece80000)
  from space 15360K, 23% used [0x00000000ece80000,0x00000000ed1f6628,0x00000000edd80000)
  to   space 14848K, 0% used [0x00000000edd80000,0x00000000edd80000,0x00000000eec00000)
 ParOldGen       total 148480K, used 127593K [0x00000000a0000000, 0x00000000a9100000, 0x00000000e0000000)
  object space 148480K, 85% used [0x00000000a0000000,0x00000000a7c9a7e0,0x00000000a9100000)
 Metaspace       used 73628K, capacity 75876K, committed 75992K, reserved 1116160K
  class space    used 9478K, capacity 9951K, committed 9984K, reserved 1048576K
Event: 54.537 GC heap after
Heap after GC invocations=31 (full 6):
 PSYoungGen      total 226816K, used 0K [0x00000000e0000000, 0x00000000ef480000, 0x0000000100000000)
  eden space 211456K, 0% used [0x00000000e0000000,0x00000000e0000000,0x00000000ece80000)
  from space 15360K, 0% used [0x00000000ece80000,0x00000000ece80000,0x00000000edd80000)
  to   space 14848K, 0% used [0x00000000edd80000,0x00000000edd80000,0x00000000eec00000)
 ParOldGen       total 148480K, used 79290K [0x00000000a0000000, 0x00000000a9100000, 0x00000000e0000000)
  object space 148480K, 53% used [0x00000000a0000000,0x00000000a4d6ea80,0x00000000a9100000)
 Metaspace       used 73628K, capacity 75876K, committed 75992K, reserved 1116160K
  class space    used 9478K, capacity 9951K, committed 9984K, reserved 1048576K
}

