# JRE version: OpenJDK Runtime Environment (8.0_152-b01) (build 1.8.0_152-release-915-b01)
# Java VM: OpenJDK 64-Bit Server VM (25.152-b01 mixed mode windows-amd64 compressed oops)
Heap:
 PSYoungGen      total 115200K, used 27987K [0x00000000e0000000, 0x00000000e8700000, 0x0000000100000000)
  eden space 104960K, 26% used [0x00000000e0000000,0x00000000e1b54cc0,0x00000000e6680000)
  from space 10240K, 0% used [0x00000000e7100000,0x00000000e7100000,0x00000000e7b00000)
  to   space 10752K, 0% used [0x00000000e6680000,0x00000000e6680000,0x00000000e7100000)
 ParOldGen       total 53248K, used 13427K [0x00000000a0000000, 0x00000000a3400000, 0x00000000e0000000)
  object space 53248K, 25% used [0x00000000a0000000,0x00000000a0d1ce98,0x00000000a3400000)
 Metaspace       used 37435K, capacity 38278K, committed 38616K, reserved 1083392K
  class space    used 5041K, capacity 5363K, committed 5376K, reserved 1048576K
GC Heap History (10 events):
Event: 13.627 GC heap before
{Heap before GC invocations=8 (full 1):
 PSYoungGen      total 46592K, used 46042K [0x00000000e0000000, 0x00000000e3d00000, 0x0000000100000000)
  eden space 43008K, 100% used [0x00000000e0000000,0x00000000e2a00000,0x00000000e2a00000)
  from space 3584K, 84% used [0x00000000e3980000,0x00000000e3c76ac0,0x00000000e3d00000)
  to   space 9728K, 0% used [0x00000000e2a00000,0x00000000e2a00000,0x00000000e3380000)
 ParOldGen       total 45056K, used 8365K [0x00000000a0000000, 0x00000000a2c00000, 0x00000000e0000000)
  object space 45056K, 18% used [0x00000000a0000000,0x00000000a082b4d0,0x00000000a2c00000)
 Metaspace       used 26044K, capacity 26618K, committed 26880K, reserved 1073152K
  class space    used 3564K, capacity 3770K, committed 3840K, reserved 1048576K
Event: 13.635 GC heap after
Heap after GC invocations=8 (full 1):
 PSYoungGen      total 52736K, used 6591K [0x00000000e0000000, 0x00000000e5c00000, 0x0000000100000000)
  eden space 43008K, 0% used [0x00000000e0000000,0x00000000e0000000,0x00000000e2a00000)
  from space 9728K, 67% used [0x00000000e2a00000,0x00000000e306fce0,0x00000000e3380000)
  to   space 9728K, 0% used [0x00000000e5280000,0x00000000e5280000,0x00000000e5c00000)
 ParOldGen       total 45056K, used 8373K [0x00000000a0000000, 0x00000000a2c00000, 0x00000000e0000000)
  object space 45056K, 18% used [0x00000000a0000000,0x00000000a082d4d0,0x00000000a2c00000)
 Metaspace       used 26044K, capacity 26618K, committed 26880K, reserved 1073152K
  class space    used 3564K, capacity 3770K, committed 3840K, reserved 1048576K
}
Event: 14.338 GC heap before
{Heap before GC invocations=9 (full 1):
 PSYoungGen      total 52736K, used 49599K [0x00000000e0000000, 0x00000000e5c00000, 0x0000000100000000)
  eden space 43008K, 100% used [0x00000000e0000000,0x00000000e2a00000,0x00000000e2a00000)
  from space 9728K, 67% used [0x00000000e2a00000,0x00000000e306fce0,0x00000000e3380000)
  to   space 9728K, 0% used [0x00000000e5280000,0x00000000e5280000,0x00000000e5c00000)
 ParOldGen       total 45056K, used 8373K [0x00000000a0000000, 0x00000000a2c00000, 0x00000000e0000000)
  object space 45056K, 18% used [0x00000000a0000000,0x00000000a082d4d0,0x00000000a2c00000)
 Metaspace       used 29963K, capacity 30584K, committed 30720K, reserved 1075200K
  class space    used 4107K, capacity 4323K, committed 4352K, reserved 1048576K
Event: 14.345 GC heap after
Heap after GC invocations=9 (full 1):
 PSYoungGen      total 83968K, used 7443K [0x00000000e0000000, 0x00000000e5c80000, 0x0000000100000000)
  eden space 74240K, 0% used [0x00000000e0000000,0x00000000e0000000,0x00000000e4880000)
  from space 9728K, 76% used [0x00000000e5280000,0x00000000e59c4d80,0x00000000e5c00000)
  to   space 10240K, 0% used [0x00000000e4880000,0x00000000e4880000,0x00000000e5280000)
 ParOldGen       total 45056K, used 8445K [0x00000000a0000000, 0x00000000a2c00000, 0x00000000e0000000)
  object space 45056K, 18% used [0x00000000a0000000,0x00000000a083f4e0,0x00000000a2c00000)
 Metaspace       used 29963K, capacity 30584K, committed 30720K, reserved 1075200K
  class space    used 4107K, capacity 4323K, committed 4352K, reserved 1048576K
}
Event: 15.943 GC heap before
{Heap before GC invocations=10 (full 1):
 PSYoungGen      total 83968K, used 81683K [0x00000000e0000000, 0x00000000e5c80000, 0x0000000100000000)
  eden space 74240K, 100% used [0x00000000e0000000,0x00000000e4880000,0x00000000e4880000)
  from space 9728K, 76% used [0x00000000e5280000,0x00000000e59c4d80,0x00000000e5c00000)
  to   space 10240K, 0% used [0x00000000e4880000,0x00000000e4880000,0x00000000e5280000)
 ParOldGen       total 45056K, used 8445K [0x00000000a0000000, 0x00000000a2c00000, 0x00000000e0000000)
  object space 45056K, 18% used [0x00000000a0000000,0x00000000a083f4e0,0x00000000a2c00000)
 Metaspace       used 34185K, capacity 34968K, committed 35200K, reserved 1079296K
  class space    used 4643K, capacity 4918K, committed 4992K, reserved 1048576K
Event: 15.956 GC heap after
Heap after GC invocations=10 (full 1):
 PSYoungGen      total 84480K, used 7915K [0x00000000e0000000, 0x00000000e7b00000, 0x0000000100000000)
  eden space 74240K, 0% used [0x00000000e0000000,0x00000000e0000000,0x00000000e4880000)
  from space 10240K, 77% used [0x00000000e4880000,0x00000000e503ac10,0x00000000e5280000)
  to   space 10240K, 0% used [0x00000000e7100000,0x00000000e7100000,0x00000000e7b00000)
 ParOldGen       total 45056K, used 10317K [0x00000000a0000000, 0x00000000a2c00000, 0x00000000e0000000)
  object space 45056K, 22% used [0x00000000a0000000,0x00000000a0a13550,0x00000000a2c00000)
 Metaspace       used 34185K, capacity 34968K, committed 35200K, reserved 1079296K
  class space    used 4643K, capacity 4918K, committed 4992K, reserved 1048576K
}
Event: 15.965 GC heap before
{Heap before GC invocations=11 (full 1):
 PSYoungGen      total 84480K, used 9330K [0x00000000e0000000, 0x00000000e7b00000, 0x0000000100000000)
  eden space 74240K, 1% used [0x00000000e0000000,0x00000000e0161c88,0x00000000e4880000)
  from space 10240K, 77% used [0x00000000e4880000,0x00000000e503ac10,0x00000000e5280000)
  to   space 10240K, 0% used [0x00000000e7100000,0x00000000e7100000,0x00000000e7b00000)
 ParOldGen       total 45056K, used 10317K [0x00000000a0000000, 0x00000000a2c00000, 0x00000000e0000000)
  object space 45056K, 22% used [0x00000000a0000000,0x00000000a0a13550,0x00000000a2c00000)
 Metaspace       used 34361K, capacity 35206K, committed 35416K, reserved 1079296K
  class space    used 4666K, capacity 4957K, committed 4992K, reserved 1048576K
Event: 15.971 GC heap after
Heap after GC invocations=11 (full 1):
 PSYoungGen      total 115200K, used 2592K [0x00000000e0000000, 0x00000000e8700000, 0x0000000100000000)
  eden space 104960K, 0% used [0x00000000e0000000,0x00000000e0000000,0x00000000e6680000)
  from space 10240K, 25% used [0x00000000e7100000,0x00000000e7388000,0x00000000e7b00000)
  to   space 10752K, 0% used [0x00000000e6680000,0x00000000e6680000,0x00000000e7100000)
 ParOldGen       total 45056K, used 13273K [0x00000000a0000000, 0x00000000a2c00000, 0x00000000e0000000)
  object space 45056K, 29% used [0x00000000a0000000,0x00000000a0cf6700,0x00000000a2c00000)
 Metaspace       used 34361K, capacity 35206K, committed 35416K, reserved 1079296K
  class space    used 4666K, capacity 4957K, committed 4992K, reserved 1048576K
}
Event: 15.971 GC heap before
{Heap before GC invocations=12 (full 2):
 PSYoungGen      total 115200K, used 2592K [0x00000000e0000000, 0x00000000e8700000, 0x0000000100000000)
  eden space 104960K, 0% used [0x00000000e0000000,0x00000000e0000000,0x00000000e6680000)
  from space 10240K, 25% used [0x00000000e7100000,0x00000000e7388000,0x00000000e7b00000)
  to   space 10752K, 0% used [0x00000000e6680000,0x00000000e6680000,0x00000000e7100000)
 ParOldGen       total 45056K, used 13273K [0x00000000a0000000, 0x00000000a2c00000, 0x00000000e0000000)
  object space 45056K, 29% used [0x00000000a0000000,0x00000000a0cf6700,0x00000000a2c00000)
 Metaspace       used 34361K, capacity 35206K, committed 35416K, reserved 1079296K
  class space    used 4666K, capacity 4957K, committed 4992K, reserved 1048576K
Event: 16.038 GC heap after
Heap after GC invocations=12 (full 2):
 PSYoungGen      total 115200K, used 0K [0x00000000e0000000, 0x00000000e8700000, 0x0000000100000000)
  eden space 104960K, 0% used [0x00000000e0000000,0x00000000e0000000,0x00000000e6680000)
  from space 10240K, 0% used [0x00000000e7100000,0x00000000e7100000,0x00000000e7b00000)
  to   space 10752K, 0% used [0x00000000e6680000,0x00000000e6680000,0x00000000e7100000)
 ParOldGen       total 53248K, used 13427K [0x00000000a0000000, 0x00000000a3400000, 0x00000000e0000000)
  object space 53248K, 25% used [0x00000000a0000000,0x00000000a0d1ce98,0x00000000a3400000)
 Metaspace       used 34361K, capacity 35206K, committed 35416K, reserved 1079296K
  class space    used 4666K, capacity 4957K, committed 4992K, reserved 1048576K
}

