# JRE version: OpenJDK Runtime Environment (8.0_152-b01) (build 1.8.0_152-release-915-b01)
# Java VM: OpenJDK 64-Bit Server VM (25.152-b01 mixed mode windows-amd64 compressed oops)
Heap:
 PSYoungGen      total 274944K, used 261787K [0x00000000e0000000, 0x00000000f2480000, 0x0000000100000000)
  eden space 252928K, 95% used [0x00000000e0000000,0x00000000eec46a50,0x00000000ef700000)
  from space 22016K, 90% used [0x00000000ef700000,0x00000000f0a60290,0x00000000f0c80000)
  to   space 23040K, 0% used [0x00000000f0c80000,0x00000000f0c80000,0x00000000f2300000)
 ParOldGen       total 117248K, used 80462K [0x00000000a0000000, 0x00000000a7280000, 0x00000000e0000000)
  object space 117248K, 68% used [0x00000000a0000000,0x00000000a4e939e8,0x00000000a7280000)
 Metaspace       used 73561K, capacity 75896K, committed 75992K, reserved 1116160K
  class space    used 9458K, capacity 9983K, committed 9984K, reserved 1048576K
GC Heap History (10 events):
Event: 31.474 GC heap before
{Heap before GC invocations=22 (full 3):
 PSYoungGen      total 223744K, used 191804K [0x00000000e0000000, 0x00000000f0380000, 0x0000000100000000)
  eden space 203264K, 84% used [0x00000000e0000000,0x00000000ea7537b0,0x00000000ec680000)
  from space 20480K, 99% used [0x00000000edd80000,0x00000000ef17ba58,0x00000000ef180000)
  to   space 23552K, 0% used [0x00000000ec680000,0x00000000ec680000,0x00000000edd80000)
 ParOldGen       total 117248K, used 52842K [0x00000000a0000000, 0x00000000a7280000, 0x00000000e0000000)
  object space 117248K, 45% used [0x00000000a0000000,0x00000000a339aa28,0x00000000a7280000)
 Metaspace       used 69269K, capacity 71332K, committed 71640K, reserved 1112064K
  class space    used 9096K, capacity 9607K, committed 9728K, reserved 1048576K
Event: 31.495 GC heap after
Heap after GC invocations=22 (full 3):
 PSYoungGen      total 226816K, used 12794K [0x00000000e0000000, 0x00000000f2300000, 0x0000000100000000)
  eden space 203264K, 0% used [0x00000000e0000000,0x00000000e0000000,0x00000000ec680000)
  from space 23552K, 54% used [0x00000000ec680000,0x00000000ed2feb50,0x00000000edd80000)
  to   space 23040K, 0% used [0x00000000f0c80000,0x00000000f0c80000,0x00000000f2300000)
 ParOldGen       total 117248K, used 60550K [0x00000000a0000000, 0x00000000a7280000, 0x00000000e0000000)
  object space 117248K, 51% used [0x00000000a0000000,0x00000000a3b21b50,0x00000000a7280000)
 Metaspace       used 69269K, capacity 71332K, committed 71640K, reserved 1112064K
  class space    used 9096K, capacity 9607K, committed 9728K, reserved 1048576K
}
Event: 31.661 GC heap before
{Heap before GC invocations=23 (full 3):
 PSYoungGen      total 226816K, used 187807K [0x00000000e0000000, 0x00000000f2300000, 0x0000000100000000)
  eden space 203264K, 86% used [0x00000000e0000000,0x00000000eaae9200,0x00000000ec680000)
  from space 23552K, 54% used [0x00000000ec680000,0x00000000ed2feb50,0x00000000edd80000)
  to   space 23040K, 0% used [0x00000000f0c80000,0x00000000f0c80000,0x00000000f2300000)
 ParOldGen       total 117248K, used 60550K [0x00000000a0000000, 0x00000000a7280000, 0x00000000e0000000)
  object space 117248K, 51% used [0x00000000a0000000,0x00000000a3b21b50,0x00000000a7280000)
 Metaspace       used 69916K, capacity 72010K, committed 72152K, reserved 1112064K
  class space    used 9179K, capacity 9678K, committed 9728K, reserved 1048576K
Event: 31.672 GC heap after
Heap after GC invocations=23 (full 3):
 PSYoungGen      total 275968K, used 11081K [0x00000000e0000000, 0x00000000f2480000, 0x0000000100000000)
  eden space 252928K, 0% used [0x00000000e0000000,0x00000000e0000000,0x00000000ef700000)
  from space 23040K, 48% used [0x00000000f0c80000,0x00000000f1752490,0x00000000f2300000)
  to   space 22016K, 0% used [0x00000000ef700000,0x00000000ef700000,0x00000000f0c80000)
 ParOldGen       total 117248K, used 62630K [0x00000000a0000000, 0x00000000a7280000, 0x00000000e0000000)
  object space 117248K, 53% used [0x00000000a0000000,0x00000000a3d299c0,0x00000000a7280000)
 Metaspace       used 69916K, capacity 72010K, committed 72152K, reserved 1112064K
  class space    used 9179K, capacity 9678K, committed 9728K, reserved 1048576K
}
Event: 32.672 GC heap before
{Heap before GC invocations=24 (full 3):
 PSYoungGen      total 275968K, used 264009K [0x00000000e0000000, 0x00000000f2480000, 0x0000000100000000)
  eden space 252928K, 100% used [0x00000000e0000000,0x00000000ef700000,0x00000000ef700000)
  from space 23040K, 48% used [0x00000000f0c80000,0x00000000f1752490,0x00000000f2300000)
  to   space 22016K, 0% used [0x00000000ef700000,0x00000000ef700000,0x00000000f0c80000)
 ParOldGen       total 117248K, used 62630K [0x00000000a0000000, 0x00000000a7280000, 0x00000000e0000000)
  object space 117248K, 53% used [0x00000000a0000000,0x00000000a3d299c0,0x00000000a7280000)
 Metaspace       used 71259K, capacity 73458K, committed 73560K, reserved 1114112K
  class space    used 9273K, capacity 9790K, committed 9856K, reserved 1048576K
Event: 32.677 GC heap after
Heap after GC invocations=24 (full 3):
 PSYoungGen      total 274944K, used 3474K [0x00000000e0000000, 0x00000000f2480000, 0x0000000100000000)
  eden space 252928K, 0% used [0x00000000e0000000,0x00000000e0000000,0x00000000ef700000)
  from space 22016K, 15% used [0x00000000ef700000,0x00000000efa64918,0x00000000f0c80000)
  to   space 23040K, 0% used [0x00000000f0c80000,0x00000000f0c80000,0x00000000f2300000)
 ParOldGen       total 117248K, used 62829K [0x00000000a0000000, 0x00000000a7280000, 0x00000000e0000000)
  object space 117248K, 53% used [0x00000000a0000000,0x00000000a3d5b5c0,0x00000000a7280000)
 Metaspace       used 71259K, capacity 73458K, committed 73560K, reserved 1114112K
  class space    used 9273K, capacity 9790K, committed 9856K, reserved 1048576K
}
Event: 34.368 GC heap before
{Heap before GC invocations=25 (full 3):
 PSYoungGen      total 274944K, used 256402K [0x00000000e0000000, 0x00000000f2480000, 0x0000000100000000)
  eden space 252928K, 100% used [0x00000000e0000000,0x00000000ef700000,0x00000000ef700000)
  from space 22016K, 15% used [0x00000000ef700000,0x00000000efa64918,0x00000000f0c80000)
  to   space 23040K, 0% used [0x00000000f0c80000,0x00000000f0c80000,0x00000000f2300000)
 ParOldGen       total 117248K, used 62829K [0x00000000a0000000, 0x00000000a7280000, 0x00000000e0000000)
  object space 117248K, 53% used [0x00000000a0000000,0x00000000a3d5b5c0,0x00000000a7280000)
 Metaspace       used 72508K, capacity 74826K, committed 74968K, reserved 1114112K
  class space    used 9380K, capacity 9904K, committed 9984K, reserved 1048576K
Event: 34.383 GC heap after
Heap after GC invocations=25 (full 3):
 PSYoungGen      total 275968K, used 5855K [0x00000000e0000000, 0x00000000f2480000, 0x0000000100000000)
  eden space 252928K, 0% used [0x00000000e0000000,0x00000000e0000000,0x00000000ef700000)
  from space 23040K, 25% used [0x00000000f0c80000,0x00000000f1237ec8,0x00000000f2300000)
  to   space 22016K, 0% used [0x00000000ef700000,0x00000000ef700000,0x00000000f0c80000)
 ParOldGen       total 117248K, used 65318K [0x00000000a0000000, 0x00000000a7280000, 0x00000000e0000000)
  object space 117248K, 55% used [0x00000000a0000000,0x00000000a3fc9a48,0x00000000a7280000)
 Metaspace       used 72508K, capacity 74826K, committed 74968K, reserved 1114112K
  class space    used 9380K, capacity 9904K, committed 9984K, reserved 1048576K
}
Event: 37.500 GC heap before
{Heap before GC invocations=26 (full 3):
 PSYoungGen      total 275968K, used 226362K [0x00000000e0000000, 0x00000000f2480000, 0x0000000100000000)
  eden space 252928K, 87% used [0x00000000e0000000,0x00000000ed7569a0,0x00000000ef700000)
  from space 23040K, 25% used [0x00000000f0c80000,0x00000000f1237ec8,0x00000000f2300000)
  to   space 22016K, 0% used [0x00000000ef700000,0x00000000ef700000,0x00000000f0c80000)
 ParOldGen       total 117248K, used 65318K [0x00000000a0000000, 0x00000000a7280000, 0x00000000e0000000)
  object space 117248K, 55% used [0x00000000a0000000,0x00000000a3fc9a48,0x00000000a7280000)
 Metaspace       used 73377K, capacity 75672K, committed 75736K, reserved 1116160K
  class space    used 9446K, capacity 9979K, committed 9984K, reserved 1048576K
Event: 37.542 GC heap after
Heap after GC invocations=26 (full 3):
 PSYoungGen      total 274944K, used 19840K [0x00000000e0000000, 0x00000000f2480000, 0x0000000100000000)
  eden space 252928K, 0% used [0x00000000e0000000,0x00000000e0000000,0x00000000ef700000)
  from space 22016K, 90% used [0x00000000ef700000,0x00000000f0a60290,0x00000000f0c80000)
  to   space 23040K, 0% used [0x00000000f0c80000,0x00000000f0c80000,0x00000000f2300000)
 ParOldGen       total 117248K, used 80462K [0x00000000a0000000, 0x00000000a7280000, 0x00000000e0000000)
  object space 117248K, 68% used [0x00000000a0000000,0x00000000a4e939e8,0x00000000a7280000)
 Metaspace       used 73377K, capacity 75672K, committed 75736K, reserved 1116160K
  class space    used 9446K, capacity 9979K, committed 9984K, reserved 1048576K
}

