# JRE version: OpenJDK Runtime Environment (8.0_152-b01) (build 1.8.0_152-release-915-b01)
# Java VM: OpenJDK 64-Bit Server VM (25.152-b01 mixed mode windows-amd64 compressed oops)
Heap:
 PSYoungGen      total 254464K, used 95748K [0x00000000e0000000, 0x00000000f4a00000, 0x0000000100000000)
  eden space 241152K, 39% used [0x00000000e0000000,0x00000000e5d811f8,0x00000000eeb80000)
  from space 13312K, 0% used [0x00000000eeb80000,0x00000000eeb80000,0x00000000ef880000)
  to   space 13824K, 0% used [0x00000000f3c80000,0x00000000f3c80000,0x00000000f4a00000)
 ParOldGen       total 93184K, used 39627K [0x00000000a0000000, 0x00000000a5b00000, 0x00000000e0000000)
  object space 93184K, 42% used [0x00000000a0000000,0x00000000a26b2e68,0x00000000a5b00000)
 Metaspace       used 62692K, capacity 64518K, committed 64728K, reserved 1105920K
  class space    used 8198K, capacity 8672K, committed 8704K, reserved 1048576K
GC Heap History (10 events):
Event: 43.087 GC heap before
{Heap before GC invocations=14 (full 2):
 PSYoungGen      total 158720K, used 158582K [0x00000000e0000000, 0x00000000ecf80000, 0x0000000100000000)
  eden space 146944K, 100% used [0x00000000e0000000,0x00000000e8f80000,0x00000000e8f80000)
  from space 11776K, 98% used [0x00000000e8f80000,0x00000000e9add9a0,0x00000000e9b00000)
  to   space 12800K, 0% used [0x00000000ec300000,0x00000000ec300000,0x00000000ecf80000)
 ParOldGen       total 53760K, used 22221K [0x00000000a0000000, 0x00000000a3480000, 0x00000000e0000000)
  object space 53760K, 41% used [0x00000000a0000000,0x00000000a15b3400,0x00000000a3480000)
 Metaspace       used 53002K, capacity 54758K, committed 54872K, reserved 1097728K
  class space    used 7103K, capacity 7518K, committed 7552K, reserved 1048576K
Event: 43.106 GC heap after
Heap after GC invocations=14 (full 2):
 PSYoungGen      total 198656K, used 10212K [0x00000000e0000000, 0x00000000edd80000, 0x0000000100000000)
  eden space 185856K, 0% used [0x00000000e0000000,0x00000000e0000000,0x00000000eb580000)
  from space 12800K, 79% used [0x00000000ec300000,0x00000000eccf91a8,0x00000000ecf80000)
  to   space 13824K, 0% used [0x00000000eb580000,0x00000000eb580000,0x00000000ec300000)
 ParOldGen       total 53760K, used 27887K [0x00000000a0000000, 0x00000000a3480000, 0x00000000e0000000)
  object space 53760K, 51% used [0x00000000a0000000,0x00000000a1b3be50,0x00000000a3480000)
 Metaspace       used 53002K, capacity 54758K, committed 54872K, reserved 1097728K
  class space    used 7103K, capacity 7518K, committed 7552K, reserved 1048576K
}
Event: 49.795 GC heap before
{Heap before GC invocations=15 (full 2):
 PSYoungGen      total 198656K, used 196068K [0x00000000e0000000, 0x00000000edd80000, 0x0000000100000000)
  eden space 185856K, 100% used [0x00000000e0000000,0x00000000eb580000,0x00000000eb580000)
  from space 12800K, 79% used [0x00000000ec300000,0x00000000eccf91a8,0x00000000ecf80000)
  to   space 13824K, 0% used [0x00000000eb580000,0x00000000eb580000,0x00000000ec300000)
 ParOldGen       total 53760K, used 27887K [0x00000000a0000000, 0x00000000a3480000, 0x00000000e0000000)
  object space 53760K, 51% used [0x00000000a0000000,0x00000000a1b3be50,0x00000000a3480000)
 Metaspace       used 53457K, capacity 55228K, committed 55512K, reserved 1097728K
  class space    used 7150K, capacity 7599K, committed 7680K, reserved 1048576K
Event: 49.812 GC heap after
Heap after GC invocations=15 (full 2):
 PSYoungGen      total 199680K, used 5520K [0x00000000e0000000, 0x00000000f0980000, 0x0000000100000000)
  eden space 185856K, 0% used [0x00000000e0000000,0x00000000e0000000,0x00000000eb580000)
  from space 13824K, 39% used [0x00000000eb580000,0x00000000ebae4060,0x00000000ec300000)
  to   space 13312K, 0% used [0x00000000efc80000,0x00000000efc80000,0x00000000f0980000)
 ParOldGen       total 53760K, used 36095K [0x00000000a0000000, 0x00000000a3480000, 0x00000000e0000000)
  object space 53760K, 67% used [0x00000000a0000000,0x00000000a233fd08,0x00000000a3480000)
 Metaspace       used 53457K, capacity 55228K, committed 55512K, reserved 1097728K
  class space    used 7150K, capacity 7599K, committed 7680K, reserved 1048576K
}
Event: 52.596 GC heap before
{Heap before GC invocations=16 (full 2):
 PSYoungGen      total 199680K, used 191376K [0x00000000e0000000, 0x00000000f0980000, 0x0000000100000000)
  eden space 185856K, 100% used [0x00000000e0000000,0x00000000eb580000,0x00000000eb580000)
  from space 13824K, 39% used [0x00000000eb580000,0x00000000ebae4060,0x00000000ec300000)
  to   space 13312K, 0% used [0x00000000efc80000,0x00000000efc80000,0x00000000f0980000)
 ParOldGen       total 53760K, used 36095K [0x00000000a0000000, 0x00000000a3480000, 0x00000000e0000000)
  object space 53760K, 67% used [0x00000000a0000000,0x00000000a233fd08,0x00000000a3480000)
 Metaspace       used 56403K, capacity 58268K, committed 58584K, reserved 1099776K
  class space    used 7450K, capacity 7899K, committed 7936K, reserved 1048576K
Event: 52.612 GC heap after
Heap after GC invocations=16 (full 2):
 PSYoungGen      total 250368K, used 4561K [0x00000000e0000000, 0x00000000f0580000, 0x0000000100000000)
  eden space 241152K, 0% used [0x00000000e0000000,0x00000000e0000000,0x00000000eeb80000)
  from space 9216K, 49% used [0x00000000efc80000,0x00000000f00f45b8,0x00000000f0580000)
  to   space 13312K, 0% used [0x00000000eeb80000,0x00000000eeb80000,0x00000000ef880000)
 ParOldGen       total 53760K, used 41051K [0x00000000a0000000, 0x00000000a3480000, 0x00000000e0000000)
  object space 53760K, 76% used [0x00000000a0000000,0x00000000a2816e68,0x00000000a3480000)
 Metaspace       used 56403K, capacity 58268K, committed 58584K, reserved 1099776K
  class space    used 7450K, capacity 7899K, committed 7936K, reserved 1048576K
}
Event: 53.021 GC heap before
{Heap before GC invocations=17 (full 2):
 PSYoungGen      total 250368K, used 28236K [0x00000000e0000000, 0x00000000f0580000, 0x0000000100000000)
  eden space 241152K, 9% used [0x00000000e0000000,0x00000000e171ebf0,0x00000000eeb80000)
  from space 9216K, 49% used [0x00000000efc80000,0x00000000f00f45b8,0x00000000f0580000)
  to   space 13312K, 0% used [0x00000000eeb80000,0x00000000eeb80000,0x00000000ef880000)
 ParOldGen       total 53760K, used 41051K [0x00000000a0000000, 0x00000000a3480000, 0x00000000e0000000)
  object space 53760K, 76% used [0x00000000a0000000,0x00000000a2816e68,0x00000000a3480000)
 Metaspace       used 57154K, capacity 58948K, committed 59028K, reserved 1099776K
  class space    used 7505K, capacity 7933K, committed 7936K, reserved 1048576K
Event: 53.024 GC heap after
Heap after GC invocations=17 (full 2):
 PSYoungGen      total 254464K, used 741K [0x00000000e0000000, 0x00000000f4a00000, 0x0000000100000000)
  eden space 241152K, 0% used [0x00000000e0000000,0x00000000e0000000,0x00000000eeb80000)
  from space 13312K, 5% used [0x00000000eeb80000,0x00000000eec39708,0x00000000ef880000)
  to   space 13824K, 0% used [0x00000000f3c80000,0x00000000f3c80000,0x00000000f4a00000)
 ParOldGen       total 53760K, used 42393K [0x00000000a0000000, 0x00000000a3480000, 0x00000000e0000000)
  object space 53760K, 78% used [0x00000000a0000000,0x00000000a2966428,0x00000000a3480000)
 Metaspace       used 57154K, capacity 58948K, committed 59028K, reserved 1099776K
  class space    used 7505K, capacity 7933K, committed 7936K, reserved 1048576K
}
Event: 53.024 GC heap before
{Heap before GC invocations=18 (full 3):
 PSYoungGen      total 254464K, used 741K [0x00000000e0000000, 0x00000000f4a00000, 0x0000000100000000)
  eden space 241152K, 0% used [0x00000000e0000000,0x00000000e0000000,0x00000000eeb80000)
  from space 13312K, 5% used [0x00000000eeb80000,0x00000000eec39708,0x00000000ef880000)
  to   space 13824K, 0% used [0x00000000f3c80000,0x00000000f3c80000,0x00000000f4a00000)
 ParOldGen       total 53760K, used 42393K [0x00000000a0000000, 0x00000000a3480000, 0x00000000e0000000)
  object space 53760K, 78% used [0x00000000a0000000,0x00000000a2966428,0x00000000a3480000)
 Metaspace       used 57154K, capacity 58948K, committed 59028K, reserved 1099776K
  class space    used 7505K, capacity 7933K, committed 7936K, reserved 1048576K
Event: 53.317 GC heap after
Heap after GC invocations=18 (full 3):
 PSYoungGen      total 254464K, used 0K [0x00000000e0000000, 0x00000000f4a00000, 0x0000000100000000)
  eden space 241152K, 0% used [0x00000000e0000000,0x00000000e0000000,0x00000000eeb80000)
  from space 13312K, 0% used [0x00000000eeb80000,0x00000000eeb80000,0x00000000ef880000)
  to   space 13824K, 0% used [0x00000000f3c80000,0x00000000f3c80000,0x00000000f4a00000)
 ParOldGen       total 93184K, used 39627K [0x00000000a0000000, 0x00000000a5b00000, 0x00000000e0000000)
  object space 93184K, 42% used [0x00000000a0000000,0x00000000a26b2e68,0x00000000a5b00000)
 Metaspace       used 57154K, capacity 58948K, committed 59028K, reserved 1099776K
  class space    used 7505K, capacity 7933K, committed 7936K, reserved 1048576K
}

