# JRE version: OpenJDK Runtime Environment (8.0_152-b01) (build 1.8.0_152-release-915-b01)
# Java VM: OpenJDK 64-Bit Server VM (25.152-b01 mixed mode windows-amd64 compressed oops)
Heap:
 PSYoungGen      total 76800K, used 28583K [0x00000000e0000000, 0x00000000e5480000, 0x0000000100000000)
  eden space 68608K, 29% used [0x00000000e0000000,0x00000000e13e9c20,0x00000000e4300000)
  from space 8192K, 100% used [0x00000000e4b80000,0x00000000e5380000,0x00000000e5380000)
  to   space 8704K, 0% used [0x00000000e4300000,0x00000000e4300000,0x00000000e4b80000)
 ParOldGen       total 55296K, used 35621K [0x00000000a0000000, 0x00000000a3600000, 0x00000000e0000000)
  object space 55296K, 64% used [0x00000000a0000000,0x00000000a22c9448,0x00000000a3600000)
 Metaspace       used 54970K, capacity 57120K, committed 57344K, reserved 1097728K
  class space    used 7547K, capacity 8109K, committed 8192K, reserved 1048576K
GC Heap History (10 events):
Event: 53.145 GC heap before
{Heap before GC invocations=18 (full 2):
 PSYoungGen      total 52736K, used 48276K [0x00000000e0000000, 0x00000000e4880000, 0x0000000100000000)
  eden space 44032K, 100% used [0x00000000e0000000,0x00000000e2b00000,0x00000000e2b00000)
  from space 8704K, 48% used [0x00000000e2b00000,0x00000000e2f25208,0x00000000e3380000)
  to   space 8192K, 0% used [0x00000000e4080000,0x00000000e4080000,0x00000000e4880000)
 ParOldGen       total 55296K, used 16576K [0x00000000a0000000, 0x00000000a3600000, 0x00000000e0000000)
  object space 55296K, 29% used [0x00000000a0000000,0x00000000a1030098,0x00000000a3600000)
 Metaspace       used 43013K, capacity 44134K, committed 44416K, reserved 1087488K
  class space    used 5784K, capacity 6191K, committed 6272K, reserved 1048576K
Event: 53.155 GC heap after
Heap after GC invocations=18 (full 2):
 PSYoungGen      total 65536K, used 6019K [0x00000000e0000000, 0x00000000e4a00000, 0x0000000100000000)
  eden space 57344K, 0% used [0x00000000e0000000,0x00000000e0000000,0x00000000e3800000)
  from space 8192K, 73% used [0x00000000e4080000,0x00000000e4660d58,0x00000000e4880000)
  to   space 8704K, 0% used [0x00000000e3800000,0x00000000e3800000,0x00000000e4080000)
 ParOldGen       total 55296K, used 19009K [0x00000000a0000000, 0x00000000a3600000, 0x00000000e0000000)
  object space 55296K, 34% used [0x00000000a0000000,0x00000000a12906d0,0x00000000a3600000)
 Metaspace       used 43013K, capacity 44134K, committed 44416K, reserved 1087488K
  class space    used 5784K, capacity 6191K, committed 6272K, reserved 1048576K
}
Event: 55.205 GC heap before
{Heap before GC invocations=19 (full 2):
 PSYoungGen      total 65536K, used 63363K [0x00000000e0000000, 0x00000000e4a00000, 0x0000000100000000)
  eden space 57344K, 100% used [0x00000000e0000000,0x00000000e3800000,0x00000000e3800000)
  from space 8192K, 73% used [0x00000000e4080000,0x00000000e4660d58,0x00000000e4880000)
  to   space 8704K, 0% used [0x00000000e3800000,0x00000000e3800000,0x00000000e4080000)
 ParOldGen       total 55296K, used 19009K [0x00000000a0000000, 0x00000000a3600000, 0x00000000e0000000)
  object space 55296K, 34% used [0x00000000a0000000,0x00000000a12906d0,0x00000000a3600000)
 Metaspace       used 47077K, capacity 48310K, committed 48512K, reserved 1091584K
  class space    used 6308K, capacity 6739K, committed 6784K, reserved 1048576K
Event: 55.214 GC heap after
Heap after GC invocations=19 (full 2):
 PSYoungGen      total 66048K, used 3461K [0x00000000e0000000, 0x00000000e5380000, 0x0000000100000000)
  eden space 57344K, 0% used [0x00000000e0000000,0x00000000e0000000,0x00000000e3800000)
  from space 8704K, 39% used [0x00000000e3800000,0x00000000e3b615b0,0x00000000e4080000)
  to   space 8192K, 0% used [0x00000000e4b80000,0x00000000e4b80000,0x00000000e5380000)
 ParOldGen       total 55296K, used 23738K [0x00000000a0000000, 0x00000000a3600000, 0x00000000e0000000)
  object space 55296K, 42% used [0x00000000a0000000,0x00000000a172e9c0,0x00000000a3600000)
 Metaspace       used 47077K, capacity 48310K, committed 48512K, reserved 1091584K
  class space    used 6308K, capacity 6739K, committed 6784K, reserved 1048576K
}
Event: 57.881 GC heap before
{Heap before GC invocations=20 (full 2):
 PSYoungGen      total 66048K, used 60805K [0x00000000e0000000, 0x00000000e5380000, 0x0000000100000000)
  eden space 57344K, 100% used [0x00000000e0000000,0x00000000e3800000,0x00000000e3800000)
  from space 8704K, 39% used [0x00000000e3800000,0x00000000e3b615b0,0x00000000e4080000)
  to   space 8192K, 0% used [0x00000000e4b80000,0x00000000e4b80000,0x00000000e5380000)
 ParOldGen       total 55296K, used 23738K [0x00000000a0000000, 0x00000000a3600000, 0x00000000e0000000)
  object space 55296K, 42% used [0x00000000a0000000,0x00000000a172e9c0,0x00000000a3600000)
 Metaspace       used 51597K, capacity 53374K, committed 53632K, reserved 1095680K
  class space    used 6981K, capacity 7489K, committed 7552K, reserved 1048576K
Event: 57.893 GC heap after
Heap after GC invocations=20 (full 2):
 PSYoungGen      total 76800K, used 6197K [0x00000000e0000000, 0x00000000e5480000, 0x0000000100000000)
  eden space 68608K, 0% used [0x00000000e0000000,0x00000000e0000000,0x00000000e4300000)
  from space 8192K, 75% used [0x00000000e4b80000,0x00000000e518d520,0x00000000e5380000)
  to   space 8704K, 0% used [0x00000000e4300000,0x00000000e4300000,0x00000000e4b80000)
 ParOldGen       total 55296K, used 24702K [0x00000000a0000000, 0x00000000a3600000, 0x00000000e0000000)
  object space 55296K, 44% used [0x00000000a0000000,0x00000000a181fbd0,0x00000000a3600000)
 Metaspace       used 51597K, capacity 53374K, committed 53632K, reserved 1095680K
  class space    used 6981K, capacity 7489K, committed 7552K, reserved 1048576K
}
Event: 59.195 GC heap before
{Heap before GC invocations=21 (full 2):
 PSYoungGen      total 76800K, used 74805K [0x00000000e0000000, 0x00000000e5480000, 0x0000000100000000)
  eden space 68608K, 100% used [0x00000000e0000000,0x00000000e4300000,0x00000000e4300000)
  from space 8192K, 75% used [0x00000000e4b80000,0x00000000e518d520,0x00000000e5380000)
  to   space 8704K, 0% used [0x00000000e4300000,0x00000000e4300000,0x00000000e4b80000)
 ParOldGen       total 55296K, used 24702K [0x00000000a0000000, 0x00000000a3600000, 0x00000000e0000000)
  object space 55296K, 44% used [0x00000000a0000000,0x00000000a181fbd0,0x00000000a3600000)
 Metaspace       used 53959K, capacity 56030K, committed 56064K, reserved 1097728K
  class space    used 7390K, capacity 7927K, committed 7936K, reserved 1048576K
Event: 59.216 GC heap after
Heap after GC invocations=21 (full 2):
 PSYoungGen      total 77312K, used 8640K [0x00000000e0000000, 0x00000000e5480000, 0x0000000100000000)
  eden space 68608K, 0% used [0x00000000e0000000,0x00000000e0000000,0x00000000e4300000)
  from space 8704K, 99% used [0x00000000e4300000,0x00000000e4b70000,0x00000000e4b80000)
  to   space 8192K, 0% used [0x00000000e4b80000,0x00000000e4b80000,0x00000000e5380000)
 ParOldGen       total 55296K, used 27845K [0x00000000a0000000, 0x00000000a3600000, 0x00000000e0000000)
  object space 55296K, 50% used [0x00000000a0000000,0x00000000a1b31698,0x00000000a3600000)
 Metaspace       used 53959K, capacity 56030K, committed 56064K, reserved 1097728K
  class space    used 7390K, capacity 7927K, committed 7936K, reserved 1048576K
}
Event: 59.869 GC heap before
{Heap before GC invocations=22 (full 2):
 PSYoungGen      total 77312K, used 77248K [0x00000000e0000000, 0x00000000e5480000, 0x0000000100000000)
  eden space 68608K, 100% used [0x00000000e0000000,0x00000000e4300000,0x00000000e4300000)
  from space 8704K, 99% used [0x00000000e4300000,0x00000000e4b70000,0x00000000e4b80000)
  to   space 8192K, 0% used [0x00000000e4b80000,0x00000000e4b80000,0x00000000e5380000)
 ParOldGen       total 55296K, used 27845K [0x00000000a0000000, 0x00000000a3600000, 0x00000000e0000000)
  object space 55296K, 50% used [0x00000000a0000000,0x00000000a1b31698,0x00000000a3600000)
 Metaspace       used 54385K, capacity 56616K, committed 56704K, reserved 1097728K
  class space    used 7442K, capacity 8000K, committed 8064K, reserved 1048576K
Event: 59.925 GC heap after
Heap after GC invocations=22 (full 2):
 PSYoungGen      total 76800K, used 8192K [0x00000000e0000000, 0x00000000e5480000, 0x0000000100000000)
  eden space 68608K, 0% used [0x00000000e0000000,0x00000000e0000000,0x00000000e4300000)
  from space 8192K, 100% used [0x00000000e4b80000,0x00000000e5380000,0x00000000e5380000)
  to   space 8704K, 0% used [0x00000000e4300000,0x00000000e4300000,0x00000000e4b80000)
 ParOldGen       total 55296K, used 35621K [0x00000000a0000000, 0x00000000a3600000, 0x00000000e0000000)
  object space 55296K, 64% used [0x00000000a0000000,0x00000000a22c9448,0x00000000a3600000)
 Metaspace       used 54385K, capacity 56616K, committed 56704K, reserved 1097728K
  class space    used 7442K, capacity 8000K, committed 8064K, reserved 1048576K
}

