# JRE version: OpenJDK Runtime Environment (8.0_152-b01) (build 1.8.0_152-release-915-b01)
# Java VM: OpenJDK 64-Bit Server VM (25.152-b01 mixed mode windows-amd64 compressed oops)
Heap:
 PSYoungGen      total 142848K, used 42369K [0x00000000f5580000, 0x00000000ffe00000, 0x0000000100000000)
  eden space 115200K, 26% used [0x00000000f5580000,0x00000000f7318678,0x00000000fc600000)
  from space 27648K, 43% used [0x00000000fe300000,0x00000000feec7e90,0x00000000ffe00000)
  to   space 28672K, 0% used [0x00000000fc600000,0x00000000fc600000,0x00000000fe200000)
 ParOldGen       total 245248K, used 227294K [0x00000000e0000000, 0x00000000eef80000, 0x00000000f5580000)
  object space 245248K, 92% used [0x00000000e0000000,0x00000000eddf7810,0x00000000eef80000)
 Metaspace       used 96247K, capacity 99682K, committed 101268K, reserved 1138688K
  class space    used 11850K, capacity 12641K, committed 12988K, reserved 1048576K
GC Heap History (10 events):
Event: 2115.137 GC heap before
{Heap before GC invocations=68 (full 4):
 PSYoungGen      total 129024K, used 69065K [0x00000000f5580000, 0x00000000ffc00000, 0x0000000100000000)
  eden space 92672K, 63% used [0x00000000f5580000,0x00000000f8ece3e0,0x00000000fb000000)
  from space 36352K, 28% used [0x00000000fb000000,0x00000000fba243a8,0x00000000fd380000)
  to   space 33792K, 0% used [0x00000000fdb00000,0x00000000fdb00000,0x00000000ffc00000)
 ParOldGen       total 245248K, used 222898K [0x00000000e0000000, 0x00000000eef80000, 0x00000000f5580000)
  object space 245248K, 90% used [0x00000000e0000000,0x00000000ed9ac888,0x00000000eef80000)
 Metaspace       used 93482K, capacity 96758K, committed 98580K, reserved 1134592K
  class space    used 11642K, capacity 12443K, committed 12860K, reserved 1048576K
Event: 2115.142 GC heap after
Heap after GC invocations=68 (full 4):
 PSYoungGen      total 135680K, used 10416K [0x00000000f5580000, 0x00000000ff980000, 0x0000000100000000)
  eden space 104448K, 0% used [0x00000000f5580000,0x00000000f5580000,0x00000000fbb80000)
  from space 31232K, 33% used [0x00000000fdb00000,0x00000000fe52c3a8,0x00000000ff980000)
  to   space 31744K, 0% used [0x00000000fbb80000,0x00000000fbb80000,0x00000000fda80000)
 ParOldGen       total 245248K, used 222914K [0x00000000e0000000, 0x00000000eef80000, 0x00000000f5580000)
  object space 245248K, 90% used [0x00000000e0000000,0x00000000ed9b0888,0x00000000eef80000)
 Metaspace       used 93482K, capacity 96758K, committed 98580K, reserved 1134592K
  class space    used 11642K, capacity 12443K, committed 12860K, reserved 1048576K
}
Event: 2116.955 GC heap before
{Heap before GC invocations=69 (full 4):
 PSYoungGen      total 135680K, used 114864K [0x00000000f5580000, 0x00000000ff980000, 0x0000000100000000)
  eden space 104448K, 100% used [0x00000000f5580000,0x00000000fbb80000,0x00000000fbb80000)
  from space 31232K, 33% used [0x00000000fdb00000,0x00000000fe52c3a8,0x00000000ff980000)
  to   space 31744K, 0% used [0x00000000fbb80000,0x00000000fbb80000,0x00000000fda80000)
 ParOldGen       total 245248K, used 222914K [0x00000000e0000000, 0x00000000eef80000, 0x00000000f5580000)
  object space 245248K, 90% used [0x00000000e0000000,0x00000000ed9b0888,0x00000000eef80000)
 Metaspace       used 94731K, capacity 98078K, committed 99604K, reserved 1136640K
  class space    used 11719K, capacity 12519K, committed 12860K, reserved 1048576K
Event: 2116.966 GC heap after
Heap after GC invocations=69 (full 4):
 PSYoungGen      total 136192K, used 3275K [0x00000000f5580000, 0x00000000ffe80000, 0x0000000100000000)
  eden space 104448K, 0% used [0x00000000f5580000,0x00000000f5580000,0x00000000fbb80000)
  from space 31744K, 10% used [0x00000000fbb80000,0x00000000fbeb2f48,0x00000000fda80000)
  to   space 30720K, 0% used [0x00000000fe080000,0x00000000fe080000,0x00000000ffe80000)
 ParOldGen       total 245248K, used 223026K [0x00000000e0000000, 0x00000000eef80000, 0x00000000f5580000)
  object space 245248K, 90% used [0x00000000e0000000,0x00000000ed9cc888,0x00000000eef80000)
 Metaspace       used 94731K, capacity 98078K, committed 99604K, reserved 1136640K
  class space    used 11719K, capacity 12519K, committed 12860K, reserved 1048576K
}
Event: 2118.429 GC heap before
{Heap before GC invocations=70 (full 4):
 PSYoungGen      total 136192K, used 66702K [0x00000000f5580000, 0x00000000ffe80000, 0x0000000100000000)
  eden space 104448K, 60% used [0x00000000f5580000,0x00000000f9370a10,0x00000000fbb80000)
  from space 31744K, 10% used [0x00000000fbb80000,0x00000000fbeb2f48,0x00000000fda80000)
  to   space 30720K, 0% used [0x00000000fe080000,0x00000000fe080000,0x00000000ffe80000)
 ParOldGen       total 245248K, used 223026K [0x00000000e0000000, 0x00000000eef80000, 0x00000000f5580000)
  object space 245248K, 90% used [0x00000000e0000000,0x00000000ed9cc888,0x00000000eef80000)
 Metaspace       used 95449K, capacity 98814K, committed 100500K, reserved 1136640K
  class space    used 11779K, capacity 12587K, committed 12988K, reserved 1048576K
Event: 2118.441 GC heap after
Heap after GC invocations=70 (full 4):
 PSYoungGen      total 141312K, used 12377K [0x00000000f5580000, 0x00000000ffd00000, 0x0000000100000000)
  eden space 112128K, 0% used [0x00000000f5580000,0x00000000f5580000,0x00000000fc300000)
  from space 29184K, 42% used [0x00000000fe080000,0x00000000fec96798,0x00000000ffd00000)
  to   space 29696K, 0% used [0x00000000fc300000,0x00000000fc300000,0x00000000fe000000)
 ParOldGen       total 245248K, used 225548K [0x00000000e0000000, 0x00000000eef80000, 0x00000000f5580000)
  object space 245248K, 91% used [0x00000000e0000000,0x00000000edc43320,0x00000000eef80000)
 Metaspace       used 95449K, capacity 98814K, committed 100500K, reserved 1136640K
  class space    used 11779K, capacity 12587K, committed 12988K, reserved 1048576K
}
Event: 2118.609 GC heap before
{Heap before GC invocations=71 (full 4):
 PSYoungGen      total 141312K, used 116866K [0x00000000f5580000, 0x00000000ffd00000, 0x0000000100000000)
  eden space 112128K, 93% used [0x00000000f5580000,0x00000000fbb8a0c8,0x00000000fc300000)
  from space 29184K, 42% used [0x00000000fe080000,0x00000000fec96798,0x00000000ffd00000)
  to   space 29696K, 0% used [0x00000000fc300000,0x00000000fc300000,0x00000000fe000000)
 ParOldGen       total 245248K, used 225548K [0x00000000e0000000, 0x00000000eef80000, 0x00000000f5580000)
  object space 245248K, 91% used [0x00000000e0000000,0x00000000edc43320,0x00000000eef80000)
 Metaspace       used 95646K, capacity 99052K, committed 100756K, reserved 1136640K
  class space    used 11807K, capacity 12596K, committed 12988K, reserved 1048576K
Event: 2118.616 GC heap after
Heap after GC invocations=71 (full 4):
 PSYoungGen      total 141824K, used 320K [0x00000000f5580000, 0x0000000100000000, 0x0000000100000000)
  eden space 112128K, 0% used [0x00000000f5580000,0x00000000f5580000,0x00000000fc300000)
  from space 29696K, 1% used [0x00000000fc300000,0x00000000fc350218,0x00000000fe000000)
  to   space 29696K, 0% used [0x00000000fe300000,0x00000000fe300000,0x0000000100000000)
 ParOldGen       total 245248K, used 227158K [0x00000000e0000000, 0x00000000eef80000, 0x00000000f5580000)
  object space 245248K, 92% used [0x00000000e0000000,0x00000000eddd5810,0x00000000eef80000)
 Metaspace       used 95646K, capacity 99052K, committed 100756K, reserved 1136640K
  class space    used 11807K, capacity 12596K, committed 12988K, reserved 1048576K
}
Event: 2120.845 GC heap before
{Heap before GC invocations=72 (full 4):
 PSYoungGen      total 141824K, used 112448K [0x00000000f5580000, 0x0000000100000000, 0x0000000100000000)
  eden space 112128K, 100% used [0x00000000f5580000,0x00000000fc300000,0x00000000fc300000)
  from space 29696K, 1% used [0x00000000fc300000,0x00000000fc350218,0x00000000fe000000)
  to   space 29696K, 0% used [0x00000000fe300000,0x00000000fe300000,0x0000000100000000)
 ParOldGen       total 245248K, used 227158K [0x00000000e0000000, 0x00000000eef80000, 0x00000000f5580000)
  object space 245248K, 92% used [0x00000000e0000000,0x00000000eddd5810,0x00000000eef80000)
 Metaspace       used 95996K, capacity 99410K, committed 101012K, reserved 1136640K
  class space    used 11827K, capacity 12639K, committed 12988K, reserved 1048576K
Event: 2120.858 GC heap after
Heap after GC invocations=72 (full 4):
 PSYoungGen      total 142848K, used 12063K [0x00000000f5580000, 0x00000000ffe00000, 0x0000000100000000)
  eden space 115200K, 0% used [0x00000000f5580000,0x00000000f5580000,0x00000000fc600000)
  from space 27648K, 43% used [0x00000000fe300000,0x00000000feec7e90,0x00000000ffe00000)
  to   space 28672K, 0% used [0x00000000fc600000,0x00000000fc600000,0x00000000fe200000)
 ParOldGen       total 245248K, used 227294K [0x00000000e0000000, 0x00000000eef80000, 0x00000000f5580000)
  object space 245248K, 92% used [0x00000000e0000000,0x00000000eddf7810,0x00000000eef80000)
 Metaspace       used 95996K, capacity 99410K, committed 101012K, reserved 1136640K
  class space    used 11827K, capacity 12639K, committed 12988K, reserved 1048576K
}

