# JRE version: OpenJDK Runtime Environment (8.0_152-b01) (build 1.8.0_152-release-915-b01)
# Java VM: OpenJDK 64-Bit Server VM (25.152-b01 mixed mode windows-amd64 compressed oops)
Heap:
 PSYoungGen      total 438784K, used 156122K [0x00000000e0000000, 0x0000000100000000, 0x0000000100000000)
  eden space 374784K, 24% used [0x00000000e0000000,0x00000000e5a4ec28,0x00000000f6e00000)
  from space 64000K, 99% used [0x00000000f6e00000,0x00000000fac27be0,0x00000000fac80000)
  to   space 82432K, 0% used [0x00000000faf80000,0x00000000faf80000,0x0000000100000000)
 ParOldGen       total 264192K, used 217025K [0x00000000a0000000, 0x00000000b0200000, 0x00000000e0000000)
  object space 264192K, 82% used [0x00000000a0000000,0x00000000ad3f0730,0x00000000b0200000)
 Metaspace       used 111842K, capacity 123252K, committed 124052K, reserved 1157120K
  class space    used 13756K, capacity 16579K, committed 16788K, reserved 1048576K
GC Heap History (10 events):
Event: 14238.725 GC heap before
{Heap before GC invocations=105 (full 8):
 PSYoungGen      total 466432K, used 457665K [0x00000000e0000000, 0x0000000100000000, 0x0000000100000000)
  eden space 421888K, 100% used [0x00000000e0000000,0x00000000f9c00000,0x00000000f9c00000)
  from space 44544K, 80% used [0x00000000fd480000,0x00000000ff770518,0x0000000100000000)
  to   space 51200K, 0% used [0x00000000f9c00000,0x00000000f9c00000,0x00000000fce00000)
 ParOldGen       total 264192K, used 190760K [0x00000000a0000000, 0x00000000b0200000, 0x00000000e0000000)
  object space 264192K, 72% used [0x00000000a0000000,0x00000000aba4a2b0,0x00000000b0200000)
 Metaspace       used 111565K, capacity 122916K, committed 123796K, reserved 1157120K
  class space    used 13755K, capacity 16579K, committed 16788K, reserved 1048576K
Event: 14238.809 GC heap after
Heap after GC invocations=105 (full 8):
 PSYoungGen      total 473088K, used 29879K [0x00000000e0000000, 0x0000000100000000, 0x0000000100000000)
  eden space 421888K, 0% used [0x00000000e0000000,0x00000000e0000000,0x00000000f9c00000)
  from space 51200K, 58% used [0x00000000f9c00000,0x00000000fb92dc98,0x00000000fce00000)
  to   space 51200K, 0% used [0x00000000fce00000,0x00000000fce00000,0x0000000100000000)
 ParOldGen       total 264192K, used 190768K [0x00000000a0000000, 0x00000000b0200000, 0x00000000e0000000)
  object space 264192K, 72% used [0x00000000a0000000,0x00000000aba4c2b0,0x00000000b0200000)
 Metaspace       used 111565K, capacity 122916K, committed 123796K, reserved 1157120K
  class space    used 13755K, capacity 16579K, committed 16788K, reserved 1048576K
}
Event: 14263.001 GC heap before
{Heap before GC invocations=106 (full 8):
 PSYoungGen      total 473088K, used 451767K [0x00000000e0000000, 0x0000000100000000, 0x0000000100000000)
  eden space 421888K, 100% used [0x00000000e0000000,0x00000000f9c00000,0x00000000f9c00000)
  from space 51200K, 58% used [0x00000000f9c00000,0x00000000fb92dc98,0x00000000fce00000)
  to   space 51200K, 0% used [0x00000000fce00000,0x00000000fce00000,0x0000000100000000)
 ParOldGen       total 264192K, used 190768K [0x00000000a0000000, 0x00000000b0200000, 0x00000000e0000000)
  object space 264192K, 72% used [0x00000000a0000000,0x00000000aba4c2b0,0x00000000b0200000)
 Metaspace       used 111578K, capacity 122916K, committed 123796K, reserved 1157120K
  class space    used 13755K, capacity 16579K, committed 16788K, reserved 1048576K
Event: 14263.065 GC heap after
Heap after GC invocations=106 (full 8):
 PSYoungGen      total 471040K, used 33333K [0x00000000e0000000, 0x0000000100000000, 0x0000000100000000)
  eden space 419840K, 0% used [0x00000000e0000000,0x00000000e0000000,0x00000000f9a00000)
  from space 51200K, 65% used [0x00000000fce00000,0x00000000fee8d510,0x0000000100000000)
  to   space 52224K, 0% used [0x00000000f9a00000,0x00000000f9a00000,0x00000000fcd00000)
 ParOldGen       total 264192K, used 190768K [0x00000000a0000000, 0x00000000b0200000, 0x00000000e0000000)
  object space 264192K, 72% used [0x00000000a0000000,0x00000000aba4c2b0,0x00000000b0200000)
 Metaspace       used 111578K, capacity 122916K, committed 123796K, reserved 1157120K
  class space    used 13755K, capacity 16579K, committed 16788K, reserved 1048576K
}
Event: 14275.673 GC heap before
{Heap before GC invocations=107 (full 8):
 PSYoungGen      total 471040K, used 453173K [0x00000000e0000000, 0x0000000100000000, 0x0000000100000000)
  eden space 419840K, 100% used [0x00000000e0000000,0x00000000f9a00000,0x00000000f9a00000)
  from space 51200K, 65% used [0x00000000fce00000,0x00000000fee8d510,0x0000000100000000)
  to   space 52224K, 0% used [0x00000000f9a00000,0x00000000f9a00000,0x00000000fcd00000)
 ParOldGen       total 264192K, used 190768K [0x00000000a0000000, 0x00000000b0200000, 0x00000000e0000000)
  object space 264192K, 72% used [0x00000000a0000000,0x00000000aba4c2b0,0x00000000b0200000)
 Metaspace       used 111747K, capacity 123184K, committed 124052K, reserved 1157120K
  class space    used 13756K, capacity 16579K, committed 16788K, reserved 1048576K
Event: 14275.984 GC heap after
Heap after GC invocations=107 (full 8):
 PSYoungGen      total 472064K, used 52217K [0x00000000e0000000, 0x0000000100000000, 0x0000000100000000)
  eden space 419840K, 0% used [0x00000000e0000000,0x00000000e0000000,0x00000000f9a00000)
  from space 52224K, 99% used [0x00000000f9a00000,0x00000000fccfe608,0x00000000fcd00000)
  to   space 52224K, 0% used [0x00000000fcd00000,0x00000000fcd00000,0x0000000100000000)
 ParOldGen       total 264192K, used 202869K [0x00000000a0000000, 0x00000000b0200000, 0x00000000e0000000)
  object space 264192K, 76% used [0x00000000a0000000,0x00000000ac61d4a8,0x00000000b0200000)
 Metaspace       used 111747K, capacity 123184K, committed 124052K, reserved 1157120K
  class space    used 13756K, capacity 16579K, committed 16788K, reserved 1048576K
}
Event: 14280.608 GC heap before
{Heap before GC invocations=108 (full 8):
 PSYoungGen      total 472064K, used 472057K [0x00000000e0000000, 0x0000000100000000, 0x0000000100000000)
  eden space 419840K, 100% used [0x00000000e0000000,0x00000000f9a00000,0x00000000f9a00000)
  from space 52224K, 99% used [0x00000000f9a00000,0x00000000fccfe608,0x00000000fcd00000)
  to   space 52224K, 0% used [0x00000000fcd00000,0x00000000fcd00000,0x0000000100000000)
 ParOldGen       total 264192K, used 202869K [0x00000000a0000000, 0x00000000b0200000, 0x00000000e0000000)
  object space 264192K, 76% used [0x00000000a0000000,0x00000000ac61d4a8,0x00000000b0200000)
 Metaspace       used 111804K, capacity 123252K, committed 124052K, reserved 1157120K
  class space    used 13756K, capacity 16579K, committed 16788K, reserved 1048576K
Event: 14280.905 GC heap after
Heap after GC invocations=108 (full 8):
 PSYoungGen      total 427008K, used 52216K [0x00000000e0000000, 0x0000000100000000, 0x0000000100000000)
  eden space 374784K, 0% used [0x00000000e0000000,0x00000000e0000000,0x00000000f6e00000)
  from space 52224K, 99% used [0x00000000fcd00000,0x00000000ffffe160,0x0000000100000000)
  to   space 74752K, 0% used [0x00000000f6e00000,0x00000000f6e00000,0x00000000fb700000)
 ParOldGen       total 264192K, used 216761K [0x00000000a0000000, 0x00000000b0200000, 0x00000000e0000000)
  object space 264192K, 82% used [0x00000000a0000000,0x00000000ad3ae730,0x00000000b0200000)
 Metaspace       used 111804K, capacity 123252K, committed 124052K, reserved 1157120K
  class space    used 13756K, capacity 16579K, committed 16788K, reserved 1048576K
}
Event: 14283.561 GC heap before
{Heap before GC invocations=109 (full 8):
 PSYoungGen      total 427008K, used 427000K [0x00000000e0000000, 0x0000000100000000, 0x0000000100000000)
  eden space 374784K, 100% used [0x00000000e0000000,0x00000000f6e00000,0x00000000f6e00000)
  from space 52224K, 99% used [0x00000000fcd00000,0x00000000ffffe160,0x0000000100000000)
  to   space 74752K, 0% used [0x00000000f6e00000,0x00000000f6e00000,0x00000000fb700000)
 ParOldGen       total 264192K, used 216761K [0x00000000a0000000, 0x00000000b0200000, 0x00000000e0000000)
  object space 264192K, 82% used [0x00000000a0000000,0x00000000ad3ae730,0x00000000b0200000)
 Metaspace       used 111819K, capacity 123252K, committed 124052K, reserved 1157120K
  class space    used 13756K, capacity 16579K, committed 16788K, reserved 1048576K
Event: 14283.702 GC heap after
Heap after GC invocations=109 (full 8):
 PSYoungGen      total 438784K, used 63646K [0x00000000e0000000, 0x0000000100000000, 0x0000000100000000)
  eden space 374784K, 0% used [0x00000000e0000000,0x00000000e0000000,0x00000000f6e00000)
  from space 64000K, 99% used [0x00000000f6e00000,0x00000000fac27be0,0x00000000fac80000)
  to   space 82432K, 0% used [0x00000000faf80000,0x00000000faf80000,0x0000000100000000)
 ParOldGen       total 264192K, used 217025K [0x00000000a0000000, 0x00000000b0200000, 0x00000000e0000000)
  object space 264192K, 82% used [0x00000000a0000000,0x00000000ad3f0730,0x00000000b0200000)
 Metaspace       used 111819K, capacity 123252K, committed 124052K, reserved 1157120K
  class space    used 13756K, capacity 16579K, committed 16788K, reserved 1048576K
}

