# JRE version: OpenJDK Runtime Environment (8.0_152-b01) (build 1.8.0_152-release-915-b01)
# Java VM: OpenJDK 64-Bit Server VM (25.152-b01 mixed mode windows-amd64 compressed oops)
Heap:
 PSYoungGen      total 230912K, used 87485K [0x00000000e0000000, 0x00000000f1d80000, 0x0000000100000000)
  eden space 181760K, 45% used [0x00000000e0000000,0x00000000e50ef498,0x00000000eb180000)
  from space 49152K, 9% used [0x00000000eed80000,0x00000000ef200010,0x00000000f1d80000)
  to   space 55296K, 0% used [0x00000000eb180000,0x00000000eb180000,0x00000000ee780000)
 ParOldGen       total 136192K, used 114343K [0x00000000a0000000, 0x00000000a8500000, 0x00000000e0000000)
  object space 136192K, 83% used [0x00000000a0000000,0x00000000a6fa9f98,0x00000000a8500000)
 Metaspace       used 81175K, capacity 86981K, committed 87168K, reserved 1124352K
  class space    used 10275K, capacity 11613K, committed 11648K, reserved 1048576K
GC Heap History (10 events):
Event: 4519.318 GC heap before
{Heap before GC invocations=45 (full 3):
 PSYoungGen      total 218624K, used 199205K [0x00000000e0000000, 0x00000000f2000000, 0x0000000100000000)
  eden space 162304K, 100% used [0x00000000e0000000,0x00000000e9e80000,0x00000000e9e80000)
  from space 56320K, 65% used [0x00000000e9e80000,0x00000000ec289580,0x00000000ed580000)
  to   space 56320K, 0% used [0x00000000ee900000,0x00000000ee900000,0x00000000f2000000)
 ParOldGen       total 136192K, used 96946K [0x00000000a0000000, 0x00000000a8500000, 0x00000000e0000000)
  object space 136192K, 71% used [0x00000000a0000000,0x00000000a5eacaa8,0x00000000a8500000)
 Metaspace       used 80716K, capacity 86211K, committed 86272K, reserved 1124352K
  class space    used 10234K, capacity 11500K, committed 11520K, reserved 1048576K
Event: 4519.352 GC heap after
Heap after GC invocations=45 (full 3):
 PSYoungGen      total 233472K, used 13632K [0x00000000e0000000, 0x00000000f1d80000, 0x0000000100000000)
  eden space 179712K, 0% used [0x00000000e0000000,0x00000000e0000000,0x00000000eaf80000)
  from space 53760K, 25% used [0x00000000ee900000,0x00000000ef6500d8,0x00000000f1d80000)
  to   space 56320K, 0% used [0x00000000eaf80000,0x00000000eaf80000,0x00000000ee680000)
 ParOldGen       total 136192K, used 110609K [0x00000000a0000000, 0x00000000a8500000, 0x00000000e0000000)
  object space 136192K, 81% used [0x00000000a0000000,0x00000000a6c04740,0x00000000a8500000)
 Metaspace       used 80716K, capacity 86211K, committed 86272K, reserved 1124352K
  class space    used 10234K, capacity 11500K, committed 11520K, reserved 1048576K
}
Event: 4522.491 GC heap before
{Heap before GC invocations=46 (full 3):
 PSYoungGen      total 233472K, used 193344K [0x00000000e0000000, 0x00000000f1d80000, 0x0000000100000000)
  eden space 179712K, 100% used [0x00000000e0000000,0x00000000eaf80000,0x00000000eaf80000)
  from space 53760K, 25% used [0x00000000ee900000,0x00000000ef6500d8,0x00000000f1d80000)
  to   space 56320K, 0% used [0x00000000eaf80000,0x00000000eaf80000,0x00000000ee680000)
 ParOldGen       total 136192K, used 110609K [0x00000000a0000000, 0x00000000a8500000, 0x00000000e0000000)
  object space 136192K, 81% used [0x00000000a0000000,0x00000000a6c04740,0x00000000a8500000)
 Metaspace       used 80813K, capacity 86425K, committed 86656K, reserved 1124352K
  class space    used 10248K, capacity 11525K, committed 11648K, reserved 1048576K
Event: 4522.519 GC heap after
Heap after GC invocations=46 (full 3):
 PSYoungGen      total 236032K, used 18744K [0x00000000e0000000, 0x00000000f2d80000, 0x0000000100000000)
  eden space 179712K, 0% used [0x00000000e0000000,0x00000000e0000000,0x00000000eaf80000)
  from space 56320K, 33% used [0x00000000eaf80000,0x00000000ec1ce178,0x00000000ee680000)
  to   space 55296K, 0% used [0x00000000ef780000,0x00000000ef780000,0x00000000f2d80000)
 ParOldGen       total 136192K, used 113400K [0x00000000a0000000, 0x00000000a8500000, 0x00000000e0000000)
  object space 136192K, 83% used [0x00000000a0000000,0x00000000a6ebe080,0x00000000a8500000)
 Metaspace       used 80813K, capacity 86425K, committed 86656K, reserved 1124352K
  class space    used 10248K, capacity 11525K, committed 11648K, reserved 1048576K
}
Event: 4751.955 GC heap before
{Heap before GC invocations=47 (full 3):
 PSYoungGen      total 236032K, used 198456K [0x00000000e0000000, 0x00000000f2d80000, 0x0000000100000000)
  eden space 179712K, 100% used [0x00000000e0000000,0x00000000eaf80000,0x00000000eaf80000)
  from space 56320K, 33% used [0x00000000eaf80000,0x00000000ec1ce178,0x00000000ee680000)
  to   space 55296K, 0% used [0x00000000ef780000,0x00000000ef780000,0x00000000f2d80000)
 ParOldGen       total 136192K, used 113400K [0x00000000a0000000, 0x00000000a8500000, 0x00000000e0000000)
  object space 136192K, 83% used [0x00000000a0000000,0x00000000a6ebe080,0x00000000a8500000)
 Metaspace       used 80990K, capacity 86647K, committed 86912K, reserved 1124352K
  class space    used 10261K, capacity 11570K, committed 11648K, reserved 1048576K
Event: 4751.969 GC heap after
Heap after GC invocations=47 (full 3):
 PSYoungGen      total 247296K, used 10804K [0x00000000e0000000, 0x00000000f2a80000, 0x0000000100000000)
  eden space 195072K, 0% used [0x00000000e0000000,0x00000000e0000000,0x00000000ebe80000)
  from space 52224K, 20% used [0x00000000ef780000,0x00000000f020d1d0,0x00000000f2a80000)
  to   space 55296K, 0% used [0x00000000ebe80000,0x00000000ebe80000,0x00000000ef480000)
 ParOldGen       total 136192K, used 113408K [0x00000000a0000000, 0x00000000a8500000, 0x00000000e0000000)
  object space 136192K, 83% used [0x00000000a0000000,0x00000000a6ec0080,0x00000000a8500000)
 Metaspace       used 80990K, capacity 86647K, committed 86912K, reserved 1124352K
  class space    used 10261K, capacity 11570K, committed 11648K, reserved 1048576K
}
Event: 4754.432 GC heap before
{Heap before GC invocations=48 (full 3):
 PSYoungGen      total 247296K, used 205876K [0x00000000e0000000, 0x00000000f2a80000, 0x0000000100000000)
  eden space 195072K, 100% used [0x00000000e0000000,0x00000000ebe80000,0x00000000ebe80000)
  from space 52224K, 20% used [0x00000000ef780000,0x00000000f020d1d0,0x00000000f2a80000)
  to   space 55296K, 0% used [0x00000000ebe80000,0x00000000ebe80000,0x00000000ef480000)
 ParOldGen       total 136192K, used 113408K [0x00000000a0000000, 0x00000000a8500000, 0x00000000e0000000)
  object space 136192K, 83% used [0x00000000a0000000,0x00000000a6ec0080,0x00000000a8500000)
 Metaspace       used 81034K, capacity 86775K, committed 86912K, reserved 1124352K
  class space    used 10261K, capacity 11570K, committed 11648K, reserved 1048576K
Event: 4754.447 GC heap after
Heap after GC invocations=48 (full 3):
 PSYoungGen      total 201728K, used 13040K [0x00000000e0000000, 0x00000000f2300000, 0x0000000100000000)
  eden space 188416K, 0% used [0x00000000e0000000,0x00000000e0000000,0x00000000eb800000)
  from space 13312K, 97% used [0x00000000ebe80000,0x00000000ecb3c0b8,0x00000000ecb80000)
  to   space 54784K, 0% used [0x00000000eed80000,0x00000000eed80000,0x00000000f2300000)
 ParOldGen       total 136192K, used 113527K [0x00000000a0000000, 0x00000000a8500000, 0x00000000e0000000)
  object space 136192K, 83% used [0x00000000a0000000,0x00000000a6eddf20,0x00000000a8500000)
 Metaspace       used 81034K, capacity 86775K, committed 86912K, reserved 1124352K
  class space    used 10261K, capacity 11570K, committed 11648K, reserved 1048576K
}
Event: 4921.358 GC heap before
{Heap before GC invocations=49 (full 3):
 PSYoungGen      total 201728K, used 201456K [0x00000000e0000000, 0x00000000f2300000, 0x0000000100000000)
  eden space 188416K, 100% used [0x00000000e0000000,0x00000000eb800000,0x00000000eb800000)
  from space 13312K, 97% used [0x00000000ebe80000,0x00000000ecb3c0b8,0x00000000ecb80000)
  to   space 54784K, 0% used [0x00000000eed80000,0x00000000eed80000,0x00000000f2300000)
 ParOldGen       total 136192K, used 113527K [0x00000000a0000000, 0x00000000a8500000, 0x00000000e0000000)
  object space 136192K, 83% used [0x00000000a0000000,0x00000000a6eddf20,0x00000000a8500000)
 Metaspace       used 81070K, capacity 86779K, committed 86912K, reserved 1124352K
  class space    used 10261K, capacity 11570K, committed 11648K, reserved 1048576K
Event: 4921.382 GC heap after
Heap after GC invocations=49 (full 3):
 PSYoungGen      total 230912K, used 4608K [0x00000000e0000000, 0x00000000f1d80000, 0x0000000100000000)
  eden space 181760K, 0% used [0x00000000e0000000,0x00000000e0000000,0x00000000eb180000)
  from space 49152K, 9% used [0x00000000eed80000,0x00000000ef200010,0x00000000f1d80000)
  to   space 55296K, 0% used [0x00000000eb180000,0x00000000eb180000,0x00000000ee780000)
 ParOldGen       total 136192K, used 114343K [0x00000000a0000000, 0x00000000a8500000, 0x00000000e0000000)
  object space 136192K, 83% used [0x00000000a0000000,0x00000000a6fa9f98,0x00000000a8500000)
 Metaspace       used 81070K, capacity 86779K, committed 86912K, reserved 1124352K
  class space    used 10261K, capacity 11570K, committed 11648K, reserved 1048576K
}

