# JRE version: OpenJDK Runtime Environment (8.0_152-b01) (build 1.8.0_152-release-915-b01)
# Java VM: OpenJDK 64-Bit Server VM (25.152-b01 mixed mode windows-amd64 compressed oops)
Heap:
 PSYoungGen      total 111616K, used 43915K [0x00000000eab00000, 0x00000000f9200000, 0x0000000100000000)
  eden space 97792K, 30% used [0x00000000eab00000,0x00000000ec863848,0x00000000f0a80000)
  from space 13824K, 99% used [0x00000000f0a80000,0x00000000f17ff588,0x00000000f1800000)
  to   space 20480K, 0% used [0x00000000f7e00000,0x00000000f7e00000,0x00000000f9200000)
 ParOldGen       total 65536K, used 39756K [0x00000000c0000000, 0x00000000c4000000, 0x00000000eab00000)
  object space 65536K, 60% used [0x00000000c0000000,0x00000000c26d3040,0x00000000c4000000)
 Metaspace       used 6497K, capacity 7282K, committed 7552K, reserved 1056768K
  class space    used 602K, capacity 618K, committed 640K, reserved 1048576K
GC Heap History (10 events):
Event: 1.733 GC heap before
{Heap before GC invocations=3 (full 0):
 PSYoungGen      total 28672K, used 28641K [0x00000000eab00000, 0x00000000ee300000, 0x0000000100000000)
  eden space 24576K, 100% used [0x00000000eab00000,0x00000000ec300000,0x00000000ec300000)
  from space 4096K, 99% used [0x00000000ec700000,0x00000000ecaf8458,0x00000000ecb00000)
  to   space 4096K, 0% used [0x00000000ec300000,0x00000000ec300000,0x00000000ec700000)
 ParOldGen       total 65536K, used 10091K [0x00000000c0000000, 0x00000000c4000000, 0x00000000eab00000)
  object space 65536K, 15% used [0x00000000c0000000,0x00000000c09daf98,0x00000000c4000000)
 Metaspace       used 6293K, capacity 7216K, committed 7296K, reserved 1056768K
  class space    used 583K, capacity 616K, committed 640K, reserved 1048576K
Event: 1.748 GC heap after
Heap after GC invocations=3 (full 0):
 PSYoungGen      total 28672K, used 4091K [0x00000000eab00000, 0x00000000ee300000, 0x0000000100000000)
  eden space 24576K, 0% used [0x00000000eab00000,0x00000000eab00000,0x00000000ec300000)
  from space 4096K, 99% used [0x00000000ec300000,0x00000000ec6fef08,0x00000000ec700000)
  to   space 4096K, 0% used [0x00000000edf00000,0x00000000edf00000,0x00000000ee300000)
 ParOldGen       total 65536K, used 14933K [0x00000000c0000000, 0x00000000c4000000, 0x00000000eab00000)
  object space 65536K, 22% used [0x00000000c0000000,0x00000000c0e956a8,0x00000000c4000000)
 Metaspace       used 6293K, capacity 7216K, committed 7296K, reserved 1056768K
  class space    used 583K, capacity 616K, committed 640K, reserved 1048576K
}
Event: 1.907 GC heap before
{Heap before GC invocations=4 (full 0):
 PSYoungGen      total 28672K, used 28667K [0x00000000eab00000, 0x00000000ee300000, 0x0000000100000000)
  eden space 24576K, 100% used [0x00000000eab00000,0x00000000ec300000,0x00000000ec300000)
  from space 4096K, 99% used [0x00000000ec300000,0x00000000ec6fef08,0x00000000ec700000)
  to   space 4096K, 0% used [0x00000000edf00000,0x00000000edf00000,0x00000000ee300000)
 ParOldGen       total 65536K, used 14933K [0x00000000c0000000, 0x00000000c4000000, 0x00000000eab00000)
  object space 65536K, 22% used [0x00000000c0000000,0x00000000c0e956a8,0x00000000c4000000)
 Metaspace       used 6337K, capacity 7280K, committed 7552K, reserved 1056768K
  class space    used 583K, capacity 616K, committed 640K, reserved 1048576K
Event: 1.927 GC heap after
Heap after GC invocations=4 (full 0):
 PSYoungGen      total 53248K, used 4087K [0x00000000eab00000, 0x00000000ee300000, 0x0000000100000000)
  eden space 49152K, 0% used [0x00000000eab00000,0x00000000eab00000,0x00000000edb00000)
  from space 4096K, 99% used [0x00000000edf00000,0x00000000ee2fdd00,0x00000000ee300000)
  to   space 4096K, 0% used [0x00000000edb00000,0x00000000edb00000,0x00000000edf00000)
 ParOldGen       total 65536K, used 20020K [0x00000000c0000000, 0x00000000c4000000, 0x00000000eab00000)
  object space 65536K, 30% used [0x00000000c0000000,0x00000000c138d158,0x00000000c4000000)
 Metaspace       used 6337K, capacity 7280K, committed 7552K, reserved 1056768K
  class space    used 583K, capacity 616K, committed 640K, reserved 1048576K
}
Event: 2.166 GC heap before
{Heap before GC invocations=5 (full 0):
 PSYoungGen      total 53248K, used 53239K [0x00000000eab00000, 0x00000000ee300000, 0x0000000100000000)
  eden space 49152K, 100% used [0x00000000eab00000,0x00000000edb00000,0x00000000edb00000)
  from space 4096K, 99% used [0x00000000edf00000,0x00000000ee2fdd00,0x00000000ee300000)
  to   space 4096K, 0% used [0x00000000edb00000,0x00000000edb00000,0x00000000edf00000)
 ParOldGen       total 65536K, used 20020K [0x00000000c0000000, 0x00000000c4000000, 0x00000000eab00000)
  object space 65536K, 30% used [0x00000000c0000000,0x00000000c138d158,0x00000000c4000000)
 Metaspace       used 6355K, capacity 7280K, committed 7552K, reserved 1056768K
  class space    used 583K, capacity 616K, committed 640K, reserved 1048576K
Event: 2.194 GC heap after
Heap after GC invocations=5 (full 0):
 PSYoungGen      total 53248K, used 4068K [0x00000000eab00000, 0x00000000f2500000, 0x0000000100000000)
  eden space 49152K, 0% used [0x00000000eab00000,0x00000000eab00000,0x00000000edb00000)
  from space 4096K, 99% used [0x00000000edb00000,0x00000000edef93e0,0x00000000edf00000)
  to   space 13312K, 0% used [0x00000000f1800000,0x00000000f1800000,0x00000000f2500000)
 ParOldGen       total 65536K, used 29056K [0x00000000c0000000, 0x00000000c4000000, 0x00000000eab00000)
  object space 65536K, 44% used [0x00000000c0000000,0x00000000c1c60320,0x00000000c4000000)
 Metaspace       used 6355K, capacity 7280K, committed 7552K, reserved 1056768K
  class space    used 583K, capacity 616K, committed 640K, reserved 1048576K
}
Event: 2.469 GC heap before
{Heap before GC invocations=6 (full 0):
 PSYoungGen      total 53248K, used 53220K [0x00000000eab00000, 0x00000000f2500000, 0x0000000100000000)
  eden space 49152K, 100% used [0x00000000eab00000,0x00000000edb00000,0x00000000edb00000)
  from space 4096K, 99% used [0x00000000edb00000,0x00000000edef93e0,0x00000000edf00000)
  to   space 13312K, 0% used [0x00000000f1800000,0x00000000f1800000,0x00000000f2500000)
 ParOldGen       total 65536K, used 29056K [0x00000000c0000000, 0x00000000c4000000, 0x00000000eab00000)
  object space 65536K, 44% used [0x00000000c0000000,0x00000000c1c60320,0x00000000c4000000)
 Metaspace       used 6477K, capacity 7282K, committed 7552K, reserved 1056768K
  class space    used 602K, capacity 618K, committed 640K, reserved 1048576K
Event: 2.498 GC heap after
Heap after GC invocations=6 (full 0):
 PSYoungGen      total 111104K, used 11358K [0x00000000eab00000, 0x00000000f2600000, 0x0000000100000000)
  eden space 97792K, 0% used [0x00000000eab00000,0x00000000eab00000,0x00000000f0a80000)
  from space 13312K, 85% used [0x00000000f1800000,0x00000000f2317b98,0x00000000f2500000)
  to   space 13824K, 0% used [0x00000000f0a80000,0x00000000f0a80000,0x00000000f1800000)
 ParOldGen       total 65536K, used 29056K [0x00000000c0000000, 0x00000000c4000000, 0x00000000eab00000)
  object space 65536K, 44% used [0x00000000c0000000,0x00000000c1c60320,0x00000000c4000000)
 Metaspace       used 6477K, capacity 7282K, committed 7552K, reserved 1056768K
  class space    used 602K, capacity 618K, committed 640K, reserved 1048576K
}
Event: 3.058 GC heap before
{Heap before GC invocations=7 (full 0):
 PSYoungGen      total 111104K, used 109150K [0x00000000eab00000, 0x00000000f2600000, 0x0000000100000000)
  eden space 97792K, 100% used [0x00000000eab00000,0x00000000f0a80000,0x00000000f0a80000)
  from space 13312K, 85% used [0x00000000f1800000,0x00000000f2317b98,0x00000000f2500000)
  to   space 13824K, 0% used [0x00000000f0a80000,0x00000000f0a80000,0x00000000f1800000)
 ParOldGen       total 65536K, used 29056K [0x00000000c0000000, 0x00000000c4000000, 0x00000000eab00000)
  object space 65536K, 44% used [0x00000000c0000000,0x00000000c1c60320,0x00000000c4000000)
 Metaspace       used 6497K, capacity 7282K, committed 7552K, reserved 1056768K
  class space    used 602K, capacity 618K, committed 640K, reserved 1048576K
Event: 3.107 GC heap after
Heap after GC invocations=7 (full 0):
 PSYoungGen      total 111616K, used 13821K [0x00000000eab00000, 0x00000000f9200000, 0x0000000100000000)
  eden space 97792K, 0% used [0x00000000eab00000,0x00000000eab00000,0x00000000f0a80000)
  from space 13824K, 99% used [0x00000000f0a80000,0x00000000f17ff588,0x00000000f1800000)
  to   space 20480K, 0% used [0x00000000f7e00000,0x00000000f7e00000,0x00000000f9200000)
 ParOldGen       total 65536K, used 39756K [0x00000000c0000000, 0x00000000c4000000, 0x00000000eab00000)
  object space 65536K, 60% used [0x00000000c0000000,0x00000000c26d3040,0x00000000c4000000)
 Metaspace       used 6497K, capacity 7282K, committed 7552K, reserved 1056768K
  class space    used 602K, capacity 618K, committed 640K, reserved 1048576K
}

